mode: atomic
github.com/yairfalse/wgo/internal/analyzer/analyzer.go:18.46,20.2 1 0
github.com/yairfalse/wgo/internal/analyzer/analyzer.go:23.93,36.2 2 0
github.com/yairfalse/wgo/internal/analyzer/analyzer.go:39.79,41.23 1 0
github.com/yairfalse/wgo/internal/analyzer/analyzer.go:41.23,43.3 1 0
github.com/yairfalse/wgo/internal/analyzer/analyzer.go:46.2,47.17 2 0
github.com/yairfalse/wgo/internal/analyzer/analyzer.go:47.17,49.3 1 0
github.com/yairfalse/wgo/internal/analyzer/analyzer.go:51.2,51.14 1 0
github.com/yairfalse/wgo/internal/analyzer/analyzer.go:55.96,58.33 2 0
github.com/yairfalse/wgo/internal/analyzer/analyzer.go:58.33,60.29 2 0
github.com/yairfalse/wgo/internal/analyzer/analyzer.go:60.29,62.4 1 0
github.com/yairfalse/wgo/internal/analyzer/analyzer.go:62.9,62.47 1 0
github.com/yairfalse/wgo/internal/analyzer/analyzer.go:62.47,64.4 1 0
github.com/yairfalse/wgo/internal/analyzer/analyzer.go:64.9,64.45 1 0
github.com/yairfalse/wgo/internal/analyzer/analyzer.go:64.45,66.4 1 0
github.com/yairfalse/wgo/internal/analyzer/analyzer.go:68.3,68.62 1 0
github.com/yairfalse/wgo/internal/analyzer/analyzer.go:71.2,71.19 1 0
github.com/yairfalse/wgo/cmd/wgo/commands/baseline.go:9.42,38.2 6 0
github.com/yairfalse/wgo/cmd/wgo/commands/baseline.go:40.48,59.2 9 0
github.com/yairfalse/wgo/cmd/wgo/commands/baseline.go:61.46,75.2 6 0
github.com/yairfalse/wgo/cmd/wgo/commands/baseline.go:77.46,90.2 4 0
github.com/yairfalse/wgo/cmd/wgo/commands/baseline.go:92.48,104.2 3 0
github.com/yairfalse/wgo/cmd/wgo/commands/baseline.go:106.65,115.23 7 0
github.com/yairfalse/wgo/cmd/wgo/commands/baseline.go:115.23,117.3 1 0
github.com/yairfalse/wgo/cmd/wgo/commands/baseline.go:118.2,118.24 1 0
github.com/yairfalse/wgo/cmd/wgo/commands/baseline.go:118.24,120.3 1 0
github.com/yairfalse/wgo/cmd/wgo/commands/baseline.go:122.2,124.12 2 0
github.com/yairfalse/wgo/cmd/wgo/commands/baseline.go:127.63,139.2 9 0
github.com/yairfalse/wgo/cmd/wgo/commands/baseline.go:141.63,150.2 5 0
github.com/yairfalse/wgo/cmd/wgo/commands/baseline.go:152.65,156.12 3 0
github.com/yairfalse/wgo/cmd/wgo/commands/baseline.go:156.12,160.41 4 0
github.com/yairfalse/wgo/cmd/wgo/commands/baseline.go:160.41,163.4 2 0
github.com/yairfalse/wgo/cmd/wgo/commands/baseline.go:166.2,169.12 3 0
github.com/yairfalse/wgo/cmd/wgo/commands/check.go:15.39,53.2 13 0
github.com/yairfalse/wgo/cmd/wgo/commands/check.go:57.65,87.2 2 0
github.com/yairfalse/wgo/cmd/wgo/commands/check.go:89.71,99.47 9 0
github.com/yairfalse/wgo/cmd/wgo/commands/check.go:99.47,101.65 2 0
github.com/yairfalse/wgo/cmd/wgo/commands/check.go:101.65,102.17 1 0
github.com/yairfalse/wgo/cmd/wgo/commands/check.go:102.17,104.5 1 0
github.com/yairfalse/wgo/cmd/wgo/commands/check.go:108.2,108.47 1 0
github.com/yairfalse/wgo/cmd/wgo/commands/check.go:108.47,110.65 2 0
github.com/yairfalse/wgo/cmd/wgo/commands/check.go:110.65,111.17 1 0
github.com/yairfalse/wgo/cmd/wgo/commands/check.go:111.17,113.5 1 0
github.com/yairfalse/wgo/cmd/wgo/commands/check.go:117.2,117.53 1 0
github.com/yairfalse/wgo/cmd/wgo/commands/check.go:117.53,121.57 3 0
github.com/yairfalse/wgo/cmd/wgo/commands/check.go:121.57,129.39 7 0
github.com/yairfalse/wgo/cmd/wgo/commands/check.go:129.39,131.51 2 0
github.com/yairfalse/wgo/cmd/wgo/commands/check.go:131.51,134.6 1 0
github.com/yairfalse/wgo/cmd/wgo/commands/check.go:139.2,139.42 1 0
github.com/yairfalse/wgo/cmd/wgo/commands/check.go:139.42,141.3 1 0
github.com/yairfalse/wgo/cmd/wgo/commands/check.go:141.8,143.3 1 0
github.com/yairfalse/wgo/cmd/wgo/commands/check.go:146.73,148.16 2 0
github.com/yairfalse/wgo/cmd/wgo/commands/check.go:148.16,150.3 1 0
github.com/yairfalse/wgo/cmd/wgo/commands/check.go:152.2,152.43 1 0
github.com/yairfalse/wgo/cmd/wgo/commands/check.go:155.56,173.16 14 0
github.com/yairfalse/wgo/cmd/wgo/commands/check.go:173.16,175.3 1 0
github.com/yairfalse/wgo/cmd/wgo/commands/check.go:178.2,179.20 2 0
github.com/yairfalse/wgo/cmd/wgo/commands/check.go:179.20,182.17 3 0
github.com/yairfalse/wgo/cmd/wgo/commands/check.go:182.17,184.4 1 0
github.com/yairfalse/wgo/cmd/wgo/commands/check.go:185.3,185.26 1 0
github.com/yairfalse/wgo/cmd/wgo/commands/check.go:185.26,187.4 1 0
github.com/yairfalse/wgo/cmd/wgo/commands/check.go:189.3,191.17 3 0
github.com/yairfalse/wgo/cmd/wgo/commands/check.go:191.17,193.4 1 0
github.com/yairfalse/wgo/cmd/wgo/commands/check.go:194.8,197.17 3 0
github.com/yairfalse/wgo/cmd/wgo/commands/check.go:197.17,199.4 1 0
github.com/yairfalse/wgo/cmd/wgo/commands/check.go:200.3,201.17 2 0
github.com/yairfalse/wgo/cmd/wgo/commands/check.go:201.17,203.4 1 0
github.com/yairfalse/wgo/cmd/wgo/commands/check.go:207.2,208.10 2 0
github.com/yairfalse/wgo/cmd/wgo/commands/check.go:208.10,213.3 2 0
github.com/yairfalse/wgo/cmd/wgo/commands/check.go:213.8,216.17 3 0
github.com/yairfalse/wgo/cmd/wgo/commands/check.go:216.17,218.4 1 0
github.com/yairfalse/wgo/cmd/wgo/commands/check.go:219.3,219.26 1 0
github.com/yairfalse/wgo/cmd/wgo/commands/check.go:219.26,221.4 1 0
github.com/yairfalse/wgo/cmd/wgo/commands/check.go:223.3,224.17 2 0
github.com/yairfalse/wgo/cmd/wgo/commands/check.go:224.17,226.4 1 0
github.com/yairfalse/wgo/cmd/wgo/commands/check.go:230.2,235.20 2 0
github.com/yairfalse/wgo/cmd/wgo/commands/check.go:235.20,238.3 1 0
github.com/yairfalse/wgo/cmd/wgo/commands/check.go:241.2,248.16 5 0
github.com/yairfalse/wgo/cmd/wgo/commands/check.go:248.16,250.3 1 0
github.com/yairfalse/wgo/cmd/wgo/commands/check.go:252.2,259.22 4 0
github.com/yairfalse/wgo/cmd/wgo/commands/check.go:259.22,260.61 1 0
github.com/yairfalse/wgo/cmd/wgo/commands/check.go:260.61,262.4 1 0
github.com/yairfalse/wgo/cmd/wgo/commands/check.go:262.9,264.4 1 0
github.com/yairfalse/wgo/cmd/wgo/commands/check.go:268.2,268.48 1 0
github.com/yairfalse/wgo/cmd/wgo/commands/check.go:268.48,273.3 3 0
github.com/yairfalse/wgo/cmd/wgo/commands/check.go:276.2,276.56 1 0
github.com/yairfalse/wgo/cmd/wgo/commands/check.go:276.56,277.87 1 0
github.com/yairfalse/wgo/cmd/wgo/commands/check.go:277.87,279.4 1 0
github.com/yairfalse/wgo/cmd/wgo/commands/check.go:282.2,282.12 1 0
github.com/yairfalse/wgo/cmd/wgo/commands/diff.go:18.38,57.2 15 0
github.com/yairfalse/wgo/cmd/wgo/commands/diff.go:60.69,62.16 2 0
github.com/yairfalse/wgo/cmd/wgo/commands/diff.go:62.16,64.3 1 0
github.com/yairfalse/wgo/cmd/wgo/commands/diff.go:66.2,67.56 2 0
github.com/yairfalse/wgo/cmd/wgo/commands/diff.go:67.56,69.3 1 0
github.com/yairfalse/wgo/cmd/wgo/commands/diff.go:71.2,71.23 1 0
github.com/yairfalse/wgo/cmd/wgo/commands/diff.go:75.55,76.35 1 0
github.com/yairfalse/wgo/cmd/wgo/commands/diff.go:77.18,78.34 1 0
github.com/yairfalse/wgo/cmd/wgo/commands/diff.go:79.14,80.30 1 0
github.com/yairfalse/wgo/cmd/wgo/commands/diff.go:81.16,82.32 1 0
github.com/yairfalse/wgo/cmd/wgo/commands/diff.go:83.13,84.29 1 0
github.com/yairfalse/wgo/cmd/wgo/commands/diff.go:85.10,86.29 1 0
github.com/yairfalse/wgo/cmd/wgo/commands/diff.go:91.120,92.16 1 0
github.com/yairfalse/wgo/cmd/wgo/commands/diff.go:93.14,95.17 2 0
github.com/yairfalse/wgo/cmd/wgo/commands/diff.go:95.17,97.4 1 0
github.com/yairfalse/wgo/cmd/wgo/commands/diff.go:98.3,98.27 1 0
github.com/yairfalse/wgo/cmd/wgo/commands/diff.go:100.14,102.17 2 0
github.com/yairfalse/wgo/cmd/wgo/commands/diff.go:102.17,104.4 1 0
github.com/yairfalse/wgo/cmd/wgo/commands/diff.go:105.3,105.27 1 0
github.com/yairfalse/wgo/cmd/wgo/commands/diff.go:107.18,108.71 1 0
github.com/yairfalse/wgo/cmd/wgo/commands/diff.go:110.15,111.68 1 0
github.com/yairfalse/wgo/cmd/wgo/commands/diff.go:112.10,113.68 1 0
github.com/yairfalse/wgo/cmd/wgo/commands/diff.go:118.100,130.47 10 0
github.com/yairfalse/wgo/cmd/wgo/commands/diff.go:130.47,132.65 2 0
github.com/yairfalse/wgo/cmd/wgo/commands/diff.go:132.65,133.17 1 0
github.com/yairfalse/wgo/cmd/wgo/commands/diff.go:133.17,135.5 1 0
github.com/yairfalse/wgo/cmd/wgo/commands/diff.go:137.3,137.27 1 0
github.com/yairfalse/wgo/cmd/wgo/commands/diff.go:140.2,140.53 1 0
github.com/yairfalse/wgo/cmd/wgo/commands/diff.go:140.53,143.57 2 0
github.com/yairfalse/wgo/cmd/wgo/commands/diff.go:143.57,151.39 7 0
github.com/yairfalse/wgo/cmd/wgo/commands/diff.go:151.39,153.51 2 0
github.com/yairfalse/wgo/cmd/wgo/commands/diff.go:153.51,156.6 1 0
github.com/yairfalse/wgo/cmd/wgo/commands/diff.go:157.5,157.29 1 0
github.com/yairfalse/wgo/cmd/wgo/commands/diff.go:162.2,162.24 1 0
github.com/yairfalse/wgo/cmd/wgo/commands/diff.go:166.97,178.47 10 0
github.com/yairfalse/wgo/cmd/wgo/commands/diff.go:178.47,180.65 2 0
github.com/yairfalse/wgo/cmd/wgo/commands/diff.go:180.65,181.17 1 0
github.com/yairfalse/wgo/cmd/wgo/commands/diff.go:181.17,183.5 1 0
github.com/yairfalse/wgo/cmd/wgo/commands/diff.go:187.2,187.47 1 0
github.com/yairfalse/wgo/cmd/wgo/commands/diff.go:187.47,189.65 2 0
github.com/yairfalse/wgo/cmd/wgo/commands/diff.go:189.65,190.17 1 0
github.com/yairfalse/wgo/cmd/wgo/commands/diff.go:190.17,192.5 1 0
github.com/yairfalse/wgo/cmd/wgo/commands/diff.go:196.2,196.53 1 0
github.com/yairfalse/wgo/cmd/wgo/commands/diff.go:196.53,200.57 3 0
github.com/yairfalse/wgo/cmd/wgo/commands/diff.go:200.57,208.39 7 0
github.com/yairfalse/wgo/cmd/wgo/commands/diff.go:208.39,210.51 2 0
github.com/yairfalse/wgo/cmd/wgo/commands/diff.go:210.51,213.6 1 0
github.com/yairfalse/wgo/cmd/wgo/commands/diff.go:218.2,218.42 1 0
github.com/yairfalse/wgo/cmd/wgo/commands/diff.go:218.42,220.3 1 0
github.com/yairfalse/wgo/cmd/wgo/commands/diff.go:220.8,222.3 1 0
github.com/yairfalse/wgo/cmd/wgo/commands/diff.go:224.2,224.24 1 0
github.com/yairfalse/wgo/cmd/wgo/commands/diff.go:227.55,247.48 14 0
github.com/yairfalse/wgo/cmd/wgo/commands/diff.go:247.48,249.3 1 0
github.com/yairfalse/wgo/cmd/wgo/commands/diff.go:251.2,251.48 1 0
github.com/yairfalse/wgo/cmd/wgo/commands/diff.go:251.48,253.3 1 0
github.com/yairfalse/wgo/cmd/wgo/commands/diff.go:256.2,258.43 3 0
github.com/yairfalse/wgo/cmd/wgo/commands/diff.go:258.43,259.28 1 0
github.com/yairfalse/wgo/cmd/wgo/commands/diff.go:259.28,261.9 2 0
github.com/yairfalse/wgo/cmd/wgo/commands/diff.go:264.2,264.18 1 0
github.com/yairfalse/wgo/cmd/wgo/commands/diff.go:264.18,266.3 1 0
github.com/yairfalse/wgo/cmd/wgo/commands/diff.go:269.2,271.16 3 0
github.com/yairfalse/wgo/cmd/wgo/commands/diff.go:271.16,273.3 1 0
github.com/yairfalse/wgo/cmd/wgo/commands/diff.go:276.2,278.20 2 0
github.com/yairfalse/wgo/cmd/wgo/commands/diff.go:278.20,281.17 3 0
github.com/yairfalse/wgo/cmd/wgo/commands/diff.go:281.17,283.4 1 0
github.com/yairfalse/wgo/cmd/wgo/commands/diff.go:284.3,285.17 2 0
github.com/yairfalse/wgo/cmd/wgo/commands/diff.go:285.17,287.4 1 0
github.com/yairfalse/wgo/cmd/wgo/commands/diff.go:289.3,291.17 3 0
github.com/yairfalse/wgo/cmd/wgo/commands/diff.go:291.17,293.4 1 0
github.com/yairfalse/wgo/cmd/wgo/commands/diff.go:294.3,294.26 1 0
github.com/yairfalse/wgo/cmd/wgo/commands/diff.go:294.26,296.4 1 0
github.com/yairfalse/wgo/cmd/wgo/commands/diff.go:298.3,299.17 2 0
github.com/yairfalse/wgo/cmd/wgo/commands/diff.go:299.17,301.4 1 0
github.com/yairfalse/wgo/cmd/wgo/commands/diff.go:302.3,302.76 1 0
github.com/yairfalse/wgo/cmd/wgo/commands/diff.go:303.8,306.17 3 0
github.com/yairfalse/wgo/cmd/wgo/commands/diff.go:306.17,308.4 1 0
github.com/yairfalse/wgo/cmd/wgo/commands/diff.go:309.3,310.17 2 0
github.com/yairfalse/wgo/cmd/wgo/commands/diff.go:310.17,312.4 1 0
github.com/yairfalse/wgo/cmd/wgo/commands/diff.go:316.2,324.20 3 0
github.com/yairfalse/wgo/cmd/wgo/commands/diff.go:324.20,327.51 2 0
github.com/yairfalse/wgo/cmd/wgo/commands/diff.go:327.51,328.37 1 0
github.com/yairfalse/wgo/cmd/wgo/commands/diff.go:328.37,330.5 1 0
github.com/yairfalse/wgo/cmd/wgo/commands/diff.go:332.3,332.53 1 0
github.com/yairfalse/wgo/cmd/wgo/commands/diff.go:336.2,343.16 5 0
github.com/yairfalse/wgo/cmd/wgo/commands/diff.go:343.16,345.3 1 0
github.com/yairfalse/wgo/cmd/wgo/commands/diff.go:347.2,362.23 6 0
github.com/yairfalse/wgo/cmd/wgo/commands/diff.go:362.23,367.44 3 0
github.com/yairfalse/wgo/cmd/wgo/commands/diff.go:367.44,369.4 1 0
github.com/yairfalse/wgo/cmd/wgo/commands/diff.go:369.9,370.83 1 0
github.com/yairfalse/wgo/cmd/wgo/commands/diff.go:370.83,372.5 1 0
github.com/yairfalse/wgo/cmd/wgo/commands/diff.go:372.10,374.5 1 0
github.com/yairfalse/wgo/cmd/wgo/commands/diff.go:376.8,378.80 1 0
github.com/yairfalse/wgo/cmd/wgo/commands/diff.go:378.80,380.4 1 0
github.com/yairfalse/wgo/cmd/wgo/commands/diff.go:382.3,382.44 1 0
github.com/yairfalse/wgo/cmd/wgo/commands/diff.go:382.44,384.4 1 0
github.com/yairfalse/wgo/cmd/wgo/commands/diff.go:387.2,387.12 1 0
github.com/yairfalse/wgo/cmd/wgo/commands/explain.go:9.41,45.2 11 0
github.com/yairfalse/wgo/cmd/wgo/commands/explain.go:47.58,60.38 11 0
github.com/yairfalse/wgo/cmd/wgo/commands/explain.go:60.38,62.3 1 0
github.com/yairfalse/wgo/cmd/wgo/commands/explain.go:64.2,64.41 1 0
github.com/yairfalse/wgo/cmd/wgo/commands/explain.go:64.41,66.3 1 0
github.com/yairfalse/wgo/cmd/wgo/commands/explain.go:66.8,66.30 1 0
github.com/yairfalse/wgo/cmd/wgo/commands/explain.go:66.30,68.3 1 0
github.com/yairfalse/wgo/cmd/wgo/commands/explain.go:68.8,70.3 1 0
github.com/yairfalse/wgo/cmd/wgo/commands/explain.go:72.2,72.17 1 0
github.com/yairfalse/wgo/cmd/wgo/commands/explain.go:72.17,74.3 1 0
github.com/yairfalse/wgo/cmd/wgo/commands/explain.go:76.2,76.22 1 0
github.com/yairfalse/wgo/cmd/wgo/commands/explain.go:76.22,78.3 1 0
github.com/yairfalse/wgo/cmd/wgo/commands/explain.go:80.2,93.49 11 0
github.com/yairfalse/wgo/cmd/wgo/commands/explain.go:93.49,97.3 3 0
github.com/yairfalse/wgo/cmd/wgo/commands/explain.go:99.2,99.12 1 0
github.com/yairfalse/wgo/cmd/wgo/commands/root.go:36.67,38.3 1 0
github.com/yairfalse/wgo/cmd/wgo/commands/root.go:42.16,44.16 2 0
github.com/yairfalse/wgo/cmd/wgo/commands/root.go:44.16,46.3 1 0
github.com/yairfalse/wgo/cmd/wgo/commands/root.go:49.13,70.2 15 0
github.com/yairfalse/wgo/cmd/wgo/commands/root.go:73.25,74.19 1 0
github.com/yairfalse/wgo/cmd/wgo/commands/root.go:74.19,76.3 1 0
github.com/yairfalse/wgo/cmd/wgo/commands/root.go:78.2,80.16 3 0
github.com/yairfalse/wgo/cmd/wgo/commands/root.go:80.16,82.3 1 0
github.com/yairfalse/wgo/cmd/wgo/commands/root.go:85.2,85.42 1 0
github.com/yairfalse/wgo/cmd/wgo/commands/root.go:85.42,87.3 1 0
github.com/yairfalse/wgo/cmd/wgo/commands/root.go:89.2,89.12 1 0
github.com/yairfalse/wgo/cmd/wgo/commands/root.go:93.33,95.2 1 0
github.com/yairfalse/wgo/cmd/wgo/commands/scan.go:18.38,56.2 14 0
github.com/yairfalse/wgo/cmd/wgo/commands/scan.go:58.55,81.32 16 0
github.com/yairfalse/wgo/cmd/wgo/commands/scan.go:81.32,85.17 3 0
github.com/yairfalse/wgo/cmd/wgo/commands/scan.go:85.17,87.4 1 0
github.com/yairfalse/wgo/cmd/wgo/commands/scan.go:90.3,91.33 2 0
github.com/yairfalse/wgo/cmd/wgo/commands/scan.go:91.33,93.4 1 0
github.com/yairfalse/wgo/cmd/wgo/commands/scan.go:95.3,98.40 3 0
github.com/yairfalse/wgo/cmd/wgo/commands/scan.go:98.40,103.4 3 0
github.com/yairfalse/wgo/cmd/wgo/commands/scan.go:103.9,110.43 5 0
github.com/yairfalse/wgo/cmd/wgo/commands/scan.go:110.43,112.73 2 0
github.com/yairfalse/wgo/cmd/wgo/commands/scan.go:112.73,114.6 1 0
github.com/yairfalse/wgo/cmd/wgo/commands/scan.go:115.5,115.48 1 0
github.com/yairfalse/wgo/cmd/wgo/commands/scan.go:118.4,120.14 3 0
github.com/yairfalse/wgo/cmd/wgo/commands/scan.go:124.2,124.13 1 0
github.com/yairfalse/wgo/cmd/wgo/commands/scan.go:124.13,126.3 1 0
github.com/yairfalse/wgo/cmd/wgo/commands/scan.go:129.2,129.44 1 0
github.com/yairfalse/wgo/cmd/wgo/commands/scan.go:129.44,132.56 3 0
github.com/yairfalse/wgo/cmd/wgo/commands/scan.go:132.56,134.4 1 0
github.com/yairfalse/wgo/cmd/wgo/commands/scan.go:135.3,135.58 1 0
github.com/yairfalse/wgo/cmd/wgo/commands/scan.go:139.2,140.16 2 0
github.com/yairfalse/wgo/cmd/wgo/commands/scan.go:140.16,142.3 1 0
github.com/yairfalse/wgo/cmd/wgo/commands/scan.go:145.2,146.23 2 0
github.com/yairfalse/wgo/cmd/wgo/commands/scan.go:146.23,148.3 1 0
github.com/yairfalse/wgo/cmd/wgo/commands/scan.go:151.2,153.18 2 0
github.com/yairfalse/wgo/cmd/wgo/commands/scan.go:153.18,156.17 3 0
github.com/yairfalse/wgo/cmd/wgo/commands/scan.go:156.17,158.4 1 0
github.com/yairfalse/wgo/cmd/wgo/commands/scan.go:159.3,160.63 2 0
github.com/yairfalse/wgo/cmd/wgo/commands/scan.go:161.8,161.32 1 0
github.com/yairfalse/wgo/cmd/wgo/commands/scan.go:161.32,163.3 1 0
github.com/yairfalse/wgo/cmd/wgo/commands/scan.go:163.8,165.19 1 0
github.com/yairfalse/wgo/cmd/wgo/commands/scan.go:166.20,167.61 1 0
github.com/yairfalse/wgo/cmd/wgo/commands/scan.go:168.21,175.25 5 0
github.com/yairfalse/wgo/cmd/wgo/commands/scan.go:175.25,177.5 1 0
github.com/yairfalse/wgo/cmd/wgo/commands/scan.go:182.2,182.26 1 0
github.com/yairfalse/wgo/cmd/wgo/commands/scan.go:182.26,184.3 1 0
github.com/yairfalse/wgo/cmd/wgo/commands/scan.go:185.2,188.24 2 0
github.com/yairfalse/wgo/cmd/wgo/commands/scan.go:188.24,191.3 2 0
github.com/yairfalse/wgo/cmd/wgo/commands/scan.go:192.2,195.51 2 0
github.com/yairfalse/wgo/cmd/wgo/commands/scan.go:195.51,197.3 1 0
github.com/yairfalse/wgo/cmd/wgo/commands/scan.go:200.2,204.16 4 0
github.com/yairfalse/wgo/cmd/wgo/commands/scan.go:204.16,206.3 1 0
github.com/yairfalse/wgo/cmd/wgo/commands/scan.go:208.2,217.46 6 0
github.com/yairfalse/wgo/cmd/wgo/commands/scan.go:217.46,219.3 1 0
github.com/yairfalse/wgo/cmd/wgo/commands/scan.go:221.2,222.42 2 0
github.com/yairfalse/wgo/cmd/wgo/commands/scan.go:222.42,224.3 1 0
github.com/yairfalse/wgo/cmd/wgo/commands/scan.go:227.2,227.22 1 0
github.com/yairfalse/wgo/cmd/wgo/commands/scan.go:227.22,228.66 1 0
github.com/yairfalse/wgo/cmd/wgo/commands/scan.go:228.66,230.4 1 0
github.com/yairfalse/wgo/cmd/wgo/commands/scan.go:230.9,232.4 1 0
github.com/yairfalse/wgo/cmd/wgo/commands/scan.go:235.2,236.12 2 0
github.com/yairfalse/wgo/cmd/wgo/commands/scan.go:240.74,242.16 2 0
github.com/yairfalse/wgo/cmd/wgo/commands/scan.go:242.16,244.3 1 0
github.com/yairfalse/wgo/cmd/wgo/commands/scan.go:246.2,246.43 1 0
github.com/yairfalse/wgo/cmd/wgo/commands/version.go:16.41,27.2 3 0
github.com/yairfalse/wgo/cmd/wgo/commands/version.go:29.52,32.11 2 0
github.com/yairfalse/wgo/cmd/wgo/commands/version.go:32.11,35.3 2 0
github.com/yairfalse/wgo/cmd/wgo/commands/version.go:37.2,43.52 7 0
github.com/yairfalse/wgo/cmd/wgo/main.go:5.13,7.2 1 0
github.com/yairfalse/wgo/internal/ai/claude.go:16.47,18.18 2 0
github.com/yairfalse/wgo/internal/ai/claude.go:18.18,20.3 1 0
github.com/yairfalse/wgo/internal/ai/claude.go:22.2,26.43 2 0
github.com/yairfalse/wgo/internal/ai/claude.go:29.92,50.16 3 0
github.com/yairfalse/wgo/internal/ai/claude.go:50.16,52.3 1 0
github.com/yairfalse/wgo/internal/ai/claude.go:54.2,54.27 1 0
github.com/yairfalse/wgo/internal/ai/claude.go:54.27,55.57 1 0
github.com/yairfalse/wgo/internal/ai/claude.go:55.57,57.4 1 0
github.com/yairfalse/wgo/internal/ai/claude.go:60.2,60.44 1 0
github.com/yairfalse/wgo/internal/ai/claude.go:63.94,84.16 3 0
github.com/yairfalse/wgo/internal/ai/claude.go:84.16,86.3 1 0
github.com/yairfalse/wgo/internal/ai/claude.go:88.2,88.27 1 0
github.com/yairfalse/wgo/internal/ai/claude.go:88.27,89.57 1 0
github.com/yairfalse/wgo/internal/ai/claude.go:89.57,91.4 1 0
github.com/yairfalse/wgo/internal/ai/claude.go:94.2,94.44 1 0
github.com/yairfalse/wgo/internal/ai/claude.go:97.99,118.16 3 0
github.com/yairfalse/wgo/internal/ai/claude.go:118.16,120.3 1 0
github.com/yairfalse/wgo/internal/ai/claude.go:122.2,122.27 1 0
github.com/yairfalse/wgo/internal/ai/claude.go:122.27,123.57 1 0
github.com/yairfalse/wgo/internal/ai/claude.go:123.57,125.4 1 0
github.com/yairfalse/wgo/internal/ai/claude.go:128.2,128.44 1 0
github.com/yairfalse/wgo/internal/app/app.go:28.46,41.2 1 0
github.com/yairfalse/wgo/internal/app/app.go:43.53,48.48 1 0
github.com/yairfalse/wgo/internal/app/app.go:48.48,50.4 1 0
github.com/yairfalse/wgo/internal/app/app.go:54.52,59.48 1 0
github.com/yairfalse/wgo/internal/app/app.go:59.48,61.4 1 0
github.com/yairfalse/wgo/internal/app/app.go:65.50,84.48 1 0
github.com/yairfalse/wgo/internal/app/app.go:84.48,86.4 1 0
github.com/yairfalse/wgo/internal/app/app.go:90.2,95.12 5 0
github.com/yairfalse/wgo/internal/app/app.go:98.51,103.48 1 0
github.com/yairfalse/wgo/internal/app/app.go:103.48,105.4 1 0
github.com/yairfalse/wgo/internal/app/app.go:109.50,114.48 1 0
github.com/yairfalse/wgo/internal/app/app.go:114.48,116.4 1 0
github.com/yairfalse/wgo/internal/app/app.go:120.54,125.48 1 0
github.com/yairfalse/wgo/internal/app/app.go:125.48,127.4 1 0
github.com/yairfalse/wgo/internal/app/app.go:131.53,136.48 1 0
github.com/yairfalse/wgo/internal/app/app.go:136.48,138.4 1 0
github.com/yairfalse/wgo/internal/app/app.go:142.51,147.48 1 0
github.com/yairfalse/wgo/internal/app/app.go:147.48,149.4 1 0
github.com/yairfalse/wgo/internal/app/app.go:153.52,158.48 1 0
github.com/yairfalse/wgo/internal/app/app.go:158.48,160.4 1 0
github.com/yairfalse/wgo/internal/app/app.go:164.51,169.48 1 0
github.com/yairfalse/wgo/internal/app/app.go:169.48,171.4 1 0
github.com/yairfalse/wgo/internal/app/commands.go:15.68,19.2 3 0
github.com/yairfalse/wgo/internal/app/commands.go:21.67,29.22 6 0
github.com/yairfalse/wgo/internal/app/commands.go:29.22,32.3 2 0
github.com/yairfalse/wgo/internal/app/commands.go:35.65,46.20 7 0
github.com/yairfalse/wgo/internal/app/commands.go:46.20,53.42 5 0
github.com/yairfalse/wgo/internal/app/commands.go:53.42,55.74 2 0
github.com/yairfalse/wgo/internal/app/commands.go:55.74,57.5 1 0
github.com/yairfalse/wgo/internal/app/commands.go:58.4,58.47 1 0
github.com/yairfalse/wgo/internal/app/commands.go:61.3,61.31 1 0
github.com/yairfalse/wgo/internal/app/commands.go:61.31,63.41 2 0
github.com/yairfalse/wgo/internal/app/commands.go:63.41,65.5 1 0
github.com/yairfalse/wgo/internal/app/commands.go:68.3,70.9 3 0
github.com/yairfalse/wgo/internal/app/commands.go:74.2,74.46 1 0
github.com/yairfalse/wgo/internal/app/commands.go:74.46,77.58 3 0
github.com/yairfalse/wgo/internal/app/commands.go:77.58,79.4 1 0
github.com/yairfalse/wgo/internal/app/commands.go:80.3,80.9 1 0
github.com/yairfalse/wgo/internal/app/commands.go:84.2,85.16 2 0
github.com/yairfalse/wgo/internal/app/commands.go:85.16,88.3 2 0
github.com/yairfalse/wgo/internal/app/commands.go:91.2,92.23 2 0
github.com/yairfalse/wgo/internal/app/commands.go:92.23,94.3 1 0
github.com/yairfalse/wgo/internal/app/commands.go:97.2,99.18 2 0
github.com/yairfalse/wgo/internal/app/commands.go:99.18,102.17 3 0
github.com/yairfalse/wgo/internal/app/commands.go:102.17,105.4 2 0
github.com/yairfalse/wgo/internal/app/commands.go:106.3,107.63 2 0
github.com/yairfalse/wgo/internal/app/commands.go:108.8,108.32 1 0
github.com/yairfalse/wgo/internal/app/commands.go:108.32,110.3 1 0
github.com/yairfalse/wgo/internal/app/commands.go:110.8,112.30 1 0
github.com/yairfalse/wgo/internal/app/commands.go:112.30,114.4 1 0
github.com/yairfalse/wgo/internal/app/commands.go:118.2,123.51 2 0
github.com/yairfalse/wgo/internal/app/commands.go:123.51,126.3 2 0
github.com/yairfalse/wgo/internal/app/commands.go:129.2,139.16 7 0
github.com/yairfalse/wgo/internal/app/commands.go:139.16,142.3 2 0
github.com/yairfalse/wgo/internal/app/commands.go:144.2,156.57 7 0
github.com/yairfalse/wgo/internal/app/commands.go:156.57,158.3 1 0
github.com/yairfalse/wgo/internal/app/commands.go:158.8,160.3 1 0
github.com/yairfalse/wgo/internal/app/commands.go:163.2,163.22 1 0
github.com/yairfalse/wgo/internal/app/commands.go:163.22,164.68 1 0
github.com/yairfalse/wgo/internal/app/commands.go:164.68,166.4 1 0
github.com/yairfalse/wgo/internal/app/commands.go:166.9,168.4 1 0
github.com/yairfalse/wgo/internal/app/commands.go:172.66,178.2 4 0
github.com/yairfalse/wgo/internal/app/commands.go:180.65,187.2 5 0
github.com/yairfalse/wgo/internal/app/commands.go:189.69,196.2 5 0
github.com/yairfalse/wgo/internal/app/commands.go:198.68,204.2 4 0
github.com/yairfalse/wgo/internal/app/commands.go:206.66,214.33 7 0
github.com/yairfalse/wgo/internal/app/commands.go:214.33,216.3 1 0
github.com/yairfalse/wgo/internal/app/commands.go:219.67,230.2 9 0
github.com/yairfalse/wgo/internal/app/commands.go:232.66,242.2 8 0
github.com/yairfalse/wgo/internal/app/commands.go:245.83,247.16 2 0
github.com/yairfalse/wgo/internal/app/commands.go:247.16,249.3 1 0
github.com/yairfalse/wgo/internal/app/commands.go:251.2,251.43 1 0
github.com/yairfalse/wgo/internal/app/factory.go:14.34,16.2 1 0
github.com/yairfalse/wgo/internal/app/factory.go:18.58,21.18 2 0
github.com/yairfalse/wgo/internal/app/factory.go:21.18,23.3 1 0
github.com/yairfalse/wgo/internal/app/factory.go:23.8,25.3 1 0
github.com/yairfalse/wgo/internal/app/factory.go:28.2,54.8 9 0
github.com/yairfalse/wgo/internal/collectors/kubernetes/client.go:26.46,28.2 1 0
github.com/yairfalse/wgo/internal/collectors/kubernetes/client.go:31.73,33.16 2 0
github.com/yairfalse/wgo/internal/collectors/kubernetes/client.go:33.16,35.3 1 0
github.com/yairfalse/wgo/internal/collectors/kubernetes/client.go:37.2,38.16 2 0
github.com/yairfalse/wgo/internal/collectors/kubernetes/client.go:38.16,40.3 1 0
github.com/yairfalse/wgo/internal/collectors/kubernetes/client.go:42.2,44.12 3 0
github.com/yairfalse/wgo/internal/collectors/kubernetes/client.go:48.88,50.22 1 0
github.com/yairfalse/wgo/internal/collectors/kubernetes/client.go:50.22,51.36 1 0
github.com/yairfalse/wgo/internal/collectors/kubernetes/client.go:51.36,53.4 1 0
github.com/yairfalse/wgo/internal/collectors/kubernetes/client.go:57.2,57.55 1 0
github.com/yairfalse/wgo/internal/collectors/kubernetes/client.go:57.55,59.3 1 0
github.com/yairfalse/wgo/internal/collectors/kubernetes/client.go:62.2,63.22 2 0
github.com/yairfalse/wgo/internal/collectors/kubernetes/client.go:63.22,65.3 1 0
github.com/yairfalse/wgo/internal/collectors/kubernetes/client.go:67.2,68.19 2 0
github.com/yairfalse/wgo/internal/collectors/kubernetes/client.go:68.19,70.3 1 0
github.com/yairfalse/wgo/internal/collectors/kubernetes/client.go:72.2,76.16 2 0
github.com/yairfalse/wgo/internal/collectors/kubernetes/client.go:76.16,78.3 1 0
github.com/yairfalse/wgo/internal/collectors/kubernetes/client.go:80.2,80.20 1 0
github.com/yairfalse/wgo/internal/collectors/kubernetes/client.go:84.86,85.22 1 0
github.com/yairfalse/wgo/internal/collectors/kubernetes/client.go:85.22,86.36 1 0
github.com/yairfalse/wgo/internal/collectors/kubernetes/client.go:86.36,88.4 1 0
github.com/yairfalse/wgo/internal/collectors/kubernetes/client.go:91.2,92.22 2 0
github.com/yairfalse/wgo/internal/collectors/kubernetes/client.go:92.22,94.3 1 0
github.com/yairfalse/wgo/internal/collectors/kubernetes/client.go:96.2,97.16 2 0
github.com/yairfalse/wgo/internal/collectors/kubernetes/client.go:97.16,99.3 1 0
github.com/yairfalse/wgo/internal/collectors/kubernetes/client.go:101.2,102.43 2 0
github.com/yairfalse/wgo/internal/collectors/kubernetes/client.go:102.43,104.3 1 0
github.com/yairfalse/wgo/internal/collectors/kubernetes/client.go:106.2,106.22 1 0
github.com/yairfalse/wgo/internal/collectors/kubernetes/client.go:110.71,111.24 1 0
github.com/yairfalse/wgo/internal/collectors/kubernetes/client.go:111.24,113.3 1 0
github.com/yairfalse/wgo/internal/collectors/kubernetes/client.go:115.2,116.16 2 0
github.com/yairfalse/wgo/internal/collectors/kubernetes/client.go:116.16,118.3 1 0
github.com/yairfalse/wgo/internal/collectors/kubernetes/client.go:120.2,121.38 2 0
github.com/yairfalse/wgo/internal/collectors/kubernetes/client.go:121.38,123.3 1 0
github.com/yairfalse/wgo/internal/collectors/kubernetes/client.go:125.2,125.21 1 0
github.com/yairfalse/wgo/internal/collectors/kubernetes/client.go:131.111,132.24 1 0
github.com/yairfalse/wgo/internal/collectors/kubernetes/client.go:132.24,134.3 1 0
github.com/yairfalse/wgo/internal/collectors/kubernetes/client.go:136.2,137.16 2 0
github.com/yairfalse/wgo/internal/collectors/kubernetes/client.go:137.16,139.3 1 0
github.com/yairfalse/wgo/internal/collectors/kubernetes/client.go:141.2,141.31 1 0
github.com/yairfalse/wgo/internal/collectors/kubernetes/client.go:145.113,146.24 1 0
github.com/yairfalse/wgo/internal/collectors/kubernetes/client.go:146.24,148.3 1 0
github.com/yairfalse/wgo/internal/collectors/kubernetes/client.go:150.2,151.16 2 0
github.com/yairfalse/wgo/internal/collectors/kubernetes/client.go:151.16,153.3 1 0
github.com/yairfalse/wgo/internal/collectors/kubernetes/client.go:155.2,155.32 1 0
github.com/yairfalse/wgo/internal/collectors/kubernetes/client.go:159.109,160.24 1 0
github.com/yairfalse/wgo/internal/collectors/kubernetes/client.go:160.24,162.3 1 0
github.com/yairfalse/wgo/internal/collectors/kubernetes/client.go:164.2,165.16 2 0
github.com/yairfalse/wgo/internal/collectors/kubernetes/client.go:165.16,167.3 1 0
github.com/yairfalse/wgo/internal/collectors/kubernetes/client.go:169.2,169.30 1 0
github.com/yairfalse/wgo/internal/collectors/kubernetes/client.go:175.105,176.24 1 0
github.com/yairfalse/wgo/internal/collectors/kubernetes/client.go:176.24,178.3 1 0
github.com/yairfalse/wgo/internal/collectors/kubernetes/client.go:180.2,181.16 2 0
github.com/yairfalse/wgo/internal/collectors/kubernetes/client.go:181.16,183.3 1 0
github.com/yairfalse/wgo/internal/collectors/kubernetes/client.go:185.2,185.28 1 0
github.com/yairfalse/wgo/internal/collectors/kubernetes/client.go:189.112,190.24 1 0
github.com/yairfalse/wgo/internal/collectors/kubernetes/client.go:190.24,192.3 1 0
github.com/yairfalse/wgo/internal/collectors/kubernetes/client.go:194.2,195.16 2 0
github.com/yairfalse/wgo/internal/collectors/kubernetes/client.go:195.16,197.3 1 0
github.com/yairfalse/wgo/internal/collectors/kubernetes/client.go:199.2,199.29 1 0
github.com/yairfalse/wgo/internal/collectors/kubernetes/client.go:205.109,206.24 1 0
github.com/yairfalse/wgo/internal/collectors/kubernetes/client.go:206.24,208.3 1 0
github.com/yairfalse/wgo/internal/collectors/kubernetes/client.go:210.2,211.16 2 0
github.com/yairfalse/wgo/internal/collectors/kubernetes/client.go:211.16,213.3 1 0
github.com/yairfalse/wgo/internal/collectors/kubernetes/client.go:215.2,215.30 1 0
github.com/yairfalse/wgo/internal/collectors/kubernetes/client.go:219.103,220.24 1 0
github.com/yairfalse/wgo/internal/collectors/kubernetes/client.go:220.24,222.3 1 0
github.com/yairfalse/wgo/internal/collectors/kubernetes/client.go:224.2,225.16 2 0
github.com/yairfalse/wgo/internal/collectors/kubernetes/client.go:225.16,227.3 1 0
github.com/yairfalse/wgo/internal/collectors/kubernetes/client.go:229.2,229.27 1 0
github.com/yairfalse/wgo/internal/collectors/kubernetes/client.go:235.105,236.24 1 0
github.com/yairfalse/wgo/internal/collectors/kubernetes/client.go:236.24,238.3 1 0
github.com/yairfalse/wgo/internal/collectors/kubernetes/client.go:240.2,241.16 2 0
github.com/yairfalse/wgo/internal/collectors/kubernetes/client.go:241.16,243.3 1 0
github.com/yairfalse/wgo/internal/collectors/kubernetes/client.go:245.2,245.23 1 0
github.com/yairfalse/wgo/internal/collectors/kubernetes/client.go:249.133,250.24 1 0
github.com/yairfalse/wgo/internal/collectors/kubernetes/client.go:250.24,252.3 1 0
github.com/yairfalse/wgo/internal/collectors/kubernetes/client.go:254.2,255.16 2 0
github.com/yairfalse/wgo/internal/collectors/kubernetes/client.go:255.16,257.3 1 0
github.com/yairfalse/wgo/internal/collectors/kubernetes/client.go:259.2,259.24 1 0
github.com/yairfalse/wgo/internal/collectors/kubernetes/client.go:265.119,266.24 1 0
github.com/yairfalse/wgo/internal/collectors/kubernetes/client.go:266.24,268.3 1 0
github.com/yairfalse/wgo/internal/collectors/kubernetes/client.go:270.2,271.16 2 0
github.com/yairfalse/wgo/internal/collectors/kubernetes/client.go:271.16,273.3 1 0
github.com/yairfalse/wgo/internal/collectors/kubernetes/client.go:275.2,275.35 1 0
github.com/yairfalse/wgo/internal/collectors/kubernetes/client.go:279.99,280.24 1 0
github.com/yairfalse/wgo/internal/collectors/kubernetes/client.go:280.24,282.3 1 0
github.com/yairfalse/wgo/internal/collectors/kubernetes/client.go:284.2,285.16 2 0
github.com/yairfalse/wgo/internal/collectors/kubernetes/client.go:285.16,287.3 1 0
github.com/yairfalse/wgo/internal/collectors/kubernetes/client.go:289.2,289.25 1 0
github.com/yairfalse/wgo/internal/collectors/kubernetes/client.go:293.113,294.24 1 0
github.com/yairfalse/wgo/internal/collectors/kubernetes/client.go:294.24,296.3 1 0
github.com/yairfalse/wgo/internal/collectors/kubernetes/client.go:298.2,299.16 2 0
github.com/yairfalse/wgo/internal/collectors/kubernetes/client.go:299.16,301.3 1 0
github.com/yairfalse/wgo/internal/collectors/kubernetes/client.go:303.2,303.32 1 0
github.com/yairfalse/wgo/internal/collectors/kubernetes/client.go:307.23,308.37 1 0
github.com/yairfalse/wgo/internal/collectors/kubernetes/client.go:308.37,310.3 1 0
github.com/yairfalse/wgo/internal/collectors/kubernetes/client.go:311.2,311.33 1 0
github.com/yairfalse/wgo/internal/collectors/kubernetes/collector.go:24.60,30.2 1 0
github.com/yairfalse/wgo/internal/collectors/kubernetes/collector.go:33.45,35.2 1 0
github.com/yairfalse/wgo/internal/collectors/kubernetes/collector.go:38.47,41.16 2 0
github.com/yairfalse/wgo/internal/collectors/kubernetes/collector.go:41.16,43.3 1 0
github.com/yairfalse/wgo/internal/collectors/kubernetes/collector.go:44.2,44.16 1 0
github.com/yairfalse/wgo/internal/collectors/kubernetes/collector.go:48.120,54.16 4 0
github.com/yairfalse/wgo/internal/collectors/kubernetes/collector.go:54.16,56.3 1 0
github.com/yairfalse/wgo/internal/collectors/kubernetes/collector.go:59.2,77.16 4 0
github.com/yairfalse/wgo/internal/collectors/kubernetes/collector.go:77.16,79.3 1 0
github.com/yairfalse/wgo/internal/collectors/kubernetes/collector.go:80.2,84.16 3 0
github.com/yairfalse/wgo/internal/collectors/kubernetes/collector.go:84.16,86.3 1 0
github.com/yairfalse/wgo/internal/collectors/kubernetes/collector.go:87.2,91.16 3 0
github.com/yairfalse/wgo/internal/collectors/kubernetes/collector.go:91.16,93.3 1 0
github.com/yairfalse/wgo/internal/collectors/kubernetes/collector.go:94.2,98.16 3 0
github.com/yairfalse/wgo/internal/collectors/kubernetes/collector.go:98.16,100.3 1 0
github.com/yairfalse/wgo/internal/collectors/kubernetes/collector.go:101.2,105.16 3 0
github.com/yairfalse/wgo/internal/collectors/kubernetes/collector.go:105.16,107.3 1 0
github.com/yairfalse/wgo/internal/collectors/kubernetes/collector.go:108.2,116.36 5 0
github.com/yairfalse/wgo/internal/collectors/kubernetes/collector.go:116.36,118.3 1 0
github.com/yairfalse/wgo/internal/collectors/kubernetes/collector.go:120.2,120.22 1 0
github.com/yairfalse/wgo/internal/collectors/kubernetes/collector.go:124.81,129.16 3 0
github.com/yairfalse/wgo/internal/collectors/kubernetes/collector.go:129.16,131.3 1 0
github.com/yairfalse/wgo/internal/collectors/kubernetes/collector.go:133.2,133.12 1 0
github.com/yairfalse/wgo/internal/collectors/kubernetes/collector.go:137.82,140.16 2 0
github.com/yairfalse/wgo/internal/collectors/kubernetes/collector.go:140.16,142.3 1 0
github.com/yairfalse/wgo/internal/collectors/kubernetes/collector.go:145.2,146.16 2 0
github.com/yairfalse/wgo/internal/collectors/kubernetes/collector.go:146.16,148.3 1 0
github.com/yairfalse/wgo/internal/collectors/kubernetes/collector.go:151.2,152.16 2 0
github.com/yairfalse/wgo/internal/collectors/kubernetes/collector.go:152.16,154.3 1 0
github.com/yairfalse/wgo/internal/collectors/kubernetes/collector.go:156.2,164.29 2 0
github.com/yairfalse/wgo/internal/collectors/kubernetes/collector.go:168.59,170.2 1 0
github.com/yairfalse/wgo/internal/collectors/kubernetes/collector.go:180.107,185.26 2 0
github.com/yairfalse/wgo/internal/collectors/kubernetes/collector.go:185.26,186.59 1 0
github.com/yairfalse/wgo/internal/collectors/kubernetes/collector.go:186.59,188.4 1 0
github.com/yairfalse/wgo/internal/collectors/kubernetes/collector.go:189.3,189.65 1 0
github.com/yairfalse/wgo/internal/collectors/kubernetes/collector.go:189.65,191.4 1 0
github.com/yairfalse/wgo/internal/collectors/kubernetes/collector.go:195.2,195.37 1 0
github.com/yairfalse/wgo/internal/collectors/kubernetes/collector.go:195.37,197.3 1 0
github.com/yairfalse/wgo/internal/collectors/kubernetes/collector.go:199.2,199.19 1 0
github.com/yairfalse/wgo/internal/collectors/kubernetes/collector.go:203.116,206.39 2 0
github.com/yairfalse/wgo/internal/collectors/kubernetes/collector.go:206.39,209.17 2 0
github.com/yairfalse/wgo/internal/collectors/kubernetes/collector.go:209.17,211.4 1 0
github.com/yairfalse/wgo/internal/collectors/kubernetes/collector.go:212.3,212.42 1 0
github.com/yairfalse/wgo/internal/collectors/kubernetes/collector.go:212.42,215.4 2 0
github.com/yairfalse/wgo/internal/collectors/kubernetes/collector.go:218.3,219.17 2 0
github.com/yairfalse/wgo/internal/collectors/kubernetes/collector.go:219.17,221.4 1 0
github.com/yairfalse/wgo/internal/collectors/kubernetes/collector.go:222.3,222.35 1 0
github.com/yairfalse/wgo/internal/collectors/kubernetes/collector.go:222.35,225.4 2 0
github.com/yairfalse/wgo/internal/collectors/kubernetes/collector.go:228.3,229.17 2 0
github.com/yairfalse/wgo/internal/collectors/kubernetes/collector.go:229.17,231.4 1 0
github.com/yairfalse/wgo/internal/collectors/kubernetes/collector.go:232.3,232.33 1 0
github.com/yairfalse/wgo/internal/collectors/kubernetes/collector.go:232.33,235.4 2 0
github.com/yairfalse/wgo/internal/collectors/kubernetes/collector.go:238.2,238.23 1 0
github.com/yairfalse/wgo/internal/collectors/kubernetes/collector.go:242.115,245.39 2 0
github.com/yairfalse/wgo/internal/collectors/kubernetes/collector.go:245.39,248.17 2 0
github.com/yairfalse/wgo/internal/collectors/kubernetes/collector.go:248.17,250.4 1 0
github.com/yairfalse/wgo/internal/collectors/kubernetes/collector.go:251.3,251.36 1 0
github.com/yairfalse/wgo/internal/collectors/kubernetes/collector.go:251.36,254.4 2 0
github.com/yairfalse/wgo/internal/collectors/kubernetes/collector.go:257.3,258.17 2 0
github.com/yairfalse/wgo/internal/collectors/kubernetes/collector.go:258.17,260.4 1 0
github.com/yairfalse/wgo/internal/collectors/kubernetes/collector.go:261.3,261.37 1 0
github.com/yairfalse/wgo/internal/collectors/kubernetes/collector.go:261.37,264.4 2 0
github.com/yairfalse/wgo/internal/collectors/kubernetes/collector.go:267.2,267.23 1 0
github.com/yairfalse/wgo/internal/collectors/kubernetes/collector.go:271.113,274.39 2 0
github.com/yairfalse/wgo/internal/collectors/kubernetes/collector.go:274.39,277.17 2 0
github.com/yairfalse/wgo/internal/collectors/kubernetes/collector.go:277.17,279.4 1 0
github.com/yairfalse/wgo/internal/collectors/kubernetes/collector.go:280.3,280.33 1 0
github.com/yairfalse/wgo/internal/collectors/kubernetes/collector.go:280.33,283.4 2 0
github.com/yairfalse/wgo/internal/collectors/kubernetes/collector.go:286.3,287.17 2 0
github.com/yairfalse/wgo/internal/collectors/kubernetes/collector.go:287.17,289.4 1 0
github.com/yairfalse/wgo/internal/collectors/kubernetes/collector.go:290.3,290.34 1 0
github.com/yairfalse/wgo/internal/collectors/kubernetes/collector.go:290.34,293.4 2 0
github.com/yairfalse/wgo/internal/collectors/kubernetes/collector.go:296.2,296.23 1 0
github.com/yairfalse/wgo/internal/collectors/kubernetes/collector.go:300.114,305.16 3 0
github.com/yairfalse/wgo/internal/collectors/kubernetes/collector.go:305.16,307.3 1 0
github.com/yairfalse/wgo/internal/collectors/kubernetes/collector.go:308.2,308.25 1 0
github.com/yairfalse/wgo/internal/collectors/kubernetes/collector.go:308.25,311.3 2 0
github.com/yairfalse/wgo/internal/collectors/kubernetes/collector.go:313.2,313.39 1 0
github.com/yairfalse/wgo/internal/collectors/kubernetes/collector.go:313.39,316.17 2 0
github.com/yairfalse/wgo/internal/collectors/kubernetes/collector.go:316.17,318.4 1 0
github.com/yairfalse/wgo/internal/collectors/kubernetes/collector.go:319.3,319.28 1 0
github.com/yairfalse/wgo/internal/collectors/kubernetes/collector.go:319.28,322.4 2 0
github.com/yairfalse/wgo/internal/collectors/kubernetes/collector.go:325.2,325.23 1 0
github.com/yairfalse/wgo/internal/collectors/kubernetes/collector.go:329.115,332.39 2 0
github.com/yairfalse/wgo/internal/collectors/kubernetes/collector.go:332.39,335.17 2 0
github.com/yairfalse/wgo/internal/collectors/kubernetes/collector.go:335.17,337.4 1 0
github.com/yairfalse/wgo/internal/collectors/kubernetes/collector.go:338.3,338.38 1 0
github.com/yairfalse/wgo/internal/collectors/kubernetes/collector.go:338.38,341.4 2 0
github.com/yairfalse/wgo/internal/collectors/kubernetes/collector.go:344.3,345.17 2 0
github.com/yairfalse/wgo/internal/collectors/kubernetes/collector.go:345.17,347.4 1 0
github.com/yairfalse/wgo/internal/collectors/kubernetes/collector.go:348.3,348.30 1 0
github.com/yairfalse/wgo/internal/collectors/kubernetes/collector.go:348.30,351.4 2 0
github.com/yairfalse/wgo/internal/collectors/kubernetes/collector.go:354.3,355.17 2 0
github.com/yairfalse/wgo/internal/collectors/kubernetes/collector.go:355.17,357.4 1 0
github.com/yairfalse/wgo/internal/collectors/kubernetes/collector.go:358.3,358.35 1 0
github.com/yairfalse/wgo/internal/collectors/kubernetes/collector.go:358.35,361.4 2 0
github.com/yairfalse/wgo/internal/collectors/kubernetes/collector.go:364.2,364.23 1 0
github.com/yairfalse/wgo/internal/collectors/kubernetes/normalizer.go:17.50,19.2 1 0
github.com/yairfalse/wgo/internal/collectors/kubernetes/normalizer.go:22.89,44.2 2 0
github.com/yairfalse/wgo/internal/collectors/kubernetes/normalizer.go:47.90,69.2 2 0
github.com/yairfalse/wgo/internal/collectors/kubernetes/normalizer.go:72.86,94.2 2 0
github.com/yairfalse/wgo/internal/collectors/kubernetes/normalizer.go:97.83,118.2 2 0
github.com/yairfalse/wgo/internal/collectors/kubernetes/normalizer.go:121.89,140.2 2 0
github.com/yairfalse/wgo/internal/collectors/kubernetes/normalizer.go:143.86,163.2 2 0
github.com/yairfalse/wgo/internal/collectors/kubernetes/normalizer.go:166.84,187.2 2 0
github.com/yairfalse/wgo/internal/collectors/kubernetes/normalizer.go:190.100,210.2 2 0
github.com/yairfalse/wgo/internal/collectors/kubernetes/normalizer.go:213.111,234.2 2 0
github.com/yairfalse/wgo/internal/collectors/kubernetes/normalizer.go:237.96,257.2 2 0
github.com/yairfalse/wgo/internal/collectors/kubernetes/normalizer.go:260.78,280.2 2 0
github.com/yairfalse/wgo/internal/collectors/kubernetes/normalizer.go:283.90,303.2 2 0
github.com/yairfalse/wgo/internal/collectors/kubernetes/normalizer.go:307.101,316.46 5 0
github.com/yairfalse/wgo/internal/collectors/kubernetes/normalizer.go:316.46,318.63 2 0
github.com/yairfalse/wgo/internal/collectors/kubernetes/normalizer.go:318.63,326.4 2 0
github.com/yairfalse/wgo/internal/collectors/kubernetes/normalizer.go:327.3,327.36 1 0
github.com/yairfalse/wgo/internal/collectors/kubernetes/normalizer.go:330.2,330.15 1 0
github.com/yairfalse/wgo/internal/collectors/kubernetes/normalizer.go:333.102,341.45 6 0
github.com/yairfalse/wgo/internal/collectors/kubernetes/normalizer.go:341.45,343.62 2 0
github.com/yairfalse/wgo/internal/collectors/kubernetes/normalizer.go:343.62,351.4 2 0
github.com/yairfalse/wgo/internal/collectors/kubernetes/normalizer.go:352.3,352.36 1 0
github.com/yairfalse/wgo/internal/collectors/kubernetes/normalizer.go:355.2,355.15 1 0
github.com/yairfalse/wgo/internal/collectors/kubernetes/normalizer.go:358.98,364.45 4 0
github.com/yairfalse/wgo/internal/collectors/kubernetes/normalizer.go:364.45,366.62 2 0
github.com/yairfalse/wgo/internal/collectors/kubernetes/normalizer.go:366.62,374.4 2 0
github.com/yairfalse/wgo/internal/collectors/kubernetes/normalizer.go:375.3,375.36 1 0
github.com/yairfalse/wgo/internal/collectors/kubernetes/normalizer.go:378.2,378.15 1 0
github.com/yairfalse/wgo/internal/collectors/kubernetes/normalizer.go:381.95,389.33 6 0
github.com/yairfalse/wgo/internal/collectors/kubernetes/normalizer.go:389.33,391.3 1 0
github.com/yairfalse/wgo/internal/collectors/kubernetes/normalizer.go:393.2,393.15 1 0
github.com/yairfalse/wgo/internal/collectors/kubernetes/normalizer.go:396.101,399.38 2 0
github.com/yairfalse/wgo/internal/collectors/kubernetes/normalizer.go:399.38,401.3 1 0
github.com/yairfalse/wgo/internal/collectors/kubernetes/normalizer.go:403.2,405.25 2 0
github.com/yairfalse/wgo/internal/collectors/kubernetes/normalizer.go:405.25,407.3 1 0
github.com/yairfalse/wgo/internal/collectors/kubernetes/normalizer.go:409.2,409.15 1 0
github.com/yairfalse/wgo/internal/collectors/kubernetes/normalizer.go:412.98,416.20 2 0
github.com/yairfalse/wgo/internal/collectors/kubernetes/normalizer.go:416.20,418.28 2 0
github.com/yairfalse/wgo/internal/collectors/kubernetes/normalizer.go:418.28,420.4 1 0
github.com/yairfalse/wgo/internal/collectors/kubernetes/normalizer.go:421.3,421.29 1 0
github.com/yairfalse/wgo/internal/collectors/kubernetes/normalizer.go:424.2,424.26 1 0
github.com/yairfalse/wgo/internal/collectors/kubernetes/normalizer.go:424.26,426.34 2 0
github.com/yairfalse/wgo/internal/collectors/kubernetes/normalizer.go:426.34,428.4 1 0
github.com/yairfalse/wgo/internal/collectors/kubernetes/normalizer.go:429.3,429.42 1 0
github.com/yairfalse/wgo/internal/collectors/kubernetes/normalizer.go:432.2,432.15 1 0
github.com/yairfalse/wgo/internal/collectors/kubernetes/normalizer.go:435.96,441.24 3 0
github.com/yairfalse/wgo/internal/collectors/kubernetes/normalizer.go:441.24,443.32 2 0
github.com/yairfalse/wgo/internal/collectors/kubernetes/normalizer.go:443.32,445.4 1 0
github.com/yairfalse/wgo/internal/collectors/kubernetes/normalizer.go:446.3,446.29 1 0
github.com/yairfalse/wgo/internal/collectors/kubernetes/normalizer.go:449.2,449.15 1 0
github.com/yairfalse/wgo/internal/collectors/kubernetes/normalizer.go:452.112,461.64 6 0
github.com/yairfalse/wgo/internal/collectors/kubernetes/normalizer.go:461.64,466.3 1 0
github.com/yairfalse/wgo/internal/collectors/kubernetes/normalizer.go:466.8,466.68 1 0
github.com/yairfalse/wgo/internal/collectors/kubernetes/normalizer.go:466.68,471.3 1 0
github.com/yairfalse/wgo/internal/collectors/kubernetes/normalizer.go:473.2,473.15 1 0
github.com/yairfalse/wgo/internal/collectors/kubernetes/normalizer.go:476.123,486.2 7 0
github.com/yairfalse/wgo/internal/collectors/kubernetes/normalizer.go:488.108,493.32 3 0
github.com/yairfalse/wgo/internal/collectors/kubernetes/normalizer.go:493.32,495.46 2 0
github.com/yairfalse/wgo/internal/collectors/kubernetes/normalizer.go:495.46,497.4 1 0
github.com/yairfalse/wgo/internal/collectors/kubernetes/normalizer.go:498.3,498.50 1 0
github.com/yairfalse/wgo/internal/collectors/kubernetes/normalizer.go:501.2,501.23 1 0
github.com/yairfalse/wgo/internal/collectors/kubernetes/normalizer.go:501.23,503.37 2 0
github.com/yairfalse/wgo/internal/collectors/kubernetes/normalizer.go:503.37,505.4 1 0
github.com/yairfalse/wgo/internal/collectors/kubernetes/normalizer.go:506.3,506.30 1 0
github.com/yairfalse/wgo/internal/collectors/kubernetes/normalizer.go:509.2,509.15 1 0
github.com/yairfalse/wgo/internal/collectors/kubernetes/normalizer.go:512.90,517.34 3 0
github.com/yairfalse/wgo/internal/collectors/kubernetes/normalizer.go:517.34,523.32 2 0
github.com/yairfalse/wgo/internal/collectors/kubernetes/normalizer.go:523.32,525.4 1 0
github.com/yairfalse/wgo/internal/collectors/kubernetes/normalizer.go:526.3,526.36 1 0
github.com/yairfalse/wgo/internal/collectors/kubernetes/normalizer.go:528.2,530.15 2 0
github.com/yairfalse/wgo/internal/collectors/kubernetes/normalizer.go:533.102,539.38 4 0
github.com/yairfalse/wgo/internal/collectors/kubernetes/normalizer.go:539.38,544.30 2 0
github.com/yairfalse/wgo/internal/collectors/kubernetes/normalizer.go:544.30,546.4 1 0
github.com/yairfalse/wgo/internal/collectors/kubernetes/normalizer.go:547.3,547.45 1 0
github.com/yairfalse/wgo/internal/collectors/kubernetes/normalizer.go:549.2,551.15 2 0
github.com/yairfalse/wgo/internal/collectors/kubernetes/normalizer.go:555.89,556.19 1 0
github.com/yairfalse/wgo/internal/collectors/kubernetes/normalizer.go:556.19,558.3 1 0
github.com/yairfalse/wgo/internal/collectors/kubernetes/normalizer.go:560.2,561.33 2 0
github.com/yairfalse/wgo/internal/collectors/kubernetes/normalizer.go:561.33,563.56 1 0
github.com/yairfalse/wgo/internal/collectors/kubernetes/normalizer.go:563.56,565.4 1 0
github.com/yairfalse/wgo/internal/collectors/kubernetes/normalizer.go:568.2,568.18 1 0
github.com/yairfalse/wgo/internal/collectors/kubernetes/resources.go:45.51,68.2 1 0
github.com/yairfalse/wgo/internal/collectors/kubernetes/resources.go:71.52,73.53 2 0
github.com/yairfalse/wgo/internal/collectors/kubernetes/resources.go:73.53,75.3 1 0
github.com/yairfalse/wgo/internal/collectors/kubernetes/resources.go:76.2,76.17 1 0
github.com/yairfalse/wgo/internal/collectors/kubernetes/resources.go:96.182,97.26 1 0
github.com/yairfalse/wgo/internal/collectors/kubernetes/resources.go:97.26,99.3 1 0
github.com/yairfalse/wgo/internal/collectors/kubernetes/resources.go:101.2,101.29 1 0
github.com/yairfalse/wgo/internal/collectors/kubernetes/resources.go:101.29,103.3 1 0
github.com/yairfalse/wgo/internal/collectors/kubernetes/resources.go:105.2,119.39 3 0
github.com/yairfalse/wgo/internal/collectors/kubernetes/resources.go:119.39,121.22 2 0
github.com/yairfalse/wgo/internal/collectors/kubernetes/resources.go:121.22,131.4 7 0
github.com/yairfalse/wgo/internal/collectors/kubernetes/resources.go:134.2,138.40 3 0
github.com/yairfalse/wgo/internal/collectors/kubernetes/resources.go:138.40,143.54 3 0
github.com/yairfalse/wgo/internal/collectors/kubernetes/resources.go:143.54,144.54 1 0
github.com/yairfalse/wgo/internal/collectors/kubernetes/resources.go:144.54,145.42 1 0
github.com/yairfalse/wgo/internal/collectors/kubernetes/resources.go:145.42,147.11 2 0
github.com/yairfalse/wgo/internal/collectors/kubernetes/resources.go:153.2,153.33 1 0
github.com/yairfalse/wgo/internal/collectors/kubernetes/resources.go:157.175,163.45 2 0
github.com/yairfalse/wgo/internal/collectors/kubernetes/resources.go:163.45,164.23 1 0
github.com/yairfalse/wgo/internal/collectors/kubernetes/resources.go:165.31,166.79 1 0
github.com/yairfalse/wgo/internal/collectors/kubernetes/resources.go:166.79,172.5 1 0
github.com/yairfalse/wgo/internal/collectors/kubernetes/resources.go:172.10,173.37 1 0
github.com/yairfalse/wgo/internal/collectors/kubernetes/resources.go:173.37,176.6 2 0
github.com/yairfalse/wgo/internal/collectors/kubernetes/resources.go:179.32,180.81 1 0
github.com/yairfalse/wgo/internal/collectors/kubernetes/resources.go:180.81,186.5 1 0
github.com/yairfalse/wgo/internal/collectors/kubernetes/resources.go:186.10,187.37 1 0
github.com/yairfalse/wgo/internal/collectors/kubernetes/resources.go:187.37,190.6 2 0
github.com/yairfalse/wgo/internal/collectors/kubernetes/resources.go:193.30,194.77 1 0
github.com/yairfalse/wgo/internal/collectors/kubernetes/resources.go:194.77,200.5 1 0
github.com/yairfalse/wgo/internal/collectors/kubernetes/resources.go:200.10,201.35 1 0
github.com/yairfalse/wgo/internal/collectors/kubernetes/resources.go:201.35,204.6 2 0
github.com/yairfalse/wgo/internal/collectors/kubernetes/resources.go:207.28,208.73 1 0
github.com/yairfalse/wgo/internal/collectors/kubernetes/resources.go:208.73,214.5 1 0
github.com/yairfalse/wgo/internal/collectors/kubernetes/resources.go:214.10,215.34 1 0
github.com/yairfalse/wgo/internal/collectors/kubernetes/resources.go:215.34,218.6 2 0
github.com/yairfalse/wgo/internal/collectors/kubernetes/resources.go:221.28,222.75 1 0
github.com/yairfalse/wgo/internal/collectors/kubernetes/resources.go:222.75,228.5 1 0
github.com/yairfalse/wgo/internal/collectors/kubernetes/resources.go:228.10,229.35 1 0
github.com/yairfalse/wgo/internal/collectors/kubernetes/resources.go:229.35,232.6 2 0
github.com/yairfalse/wgo/internal/collectors/kubernetes/resources.go:235.30,236.77 1 0
github.com/yairfalse/wgo/internal/collectors/kubernetes/resources.go:236.77,242.5 1 0
github.com/yairfalse/wgo/internal/collectors/kubernetes/resources.go:242.10,243.35 1 0
github.com/yairfalse/wgo/internal/collectors/kubernetes/resources.go:243.35,246.6 2 0
github.com/yairfalse/wgo/internal/collectors/kubernetes/resources.go:249.27,250.71 1 0
github.com/yairfalse/wgo/internal/collectors/kubernetes/resources.go:250.71,256.5 1 0
github.com/yairfalse/wgo/internal/collectors/kubernetes/resources.go:256.10,257.36 1 0
github.com/yairfalse/wgo/internal/collectors/kubernetes/resources.go:257.36,260.6 2 0
github.com/yairfalse/wgo/internal/collectors/kubernetes/resources.go:263.37,265.49 1 0
github.com/yairfalse/wgo/internal/collectors/kubernetes/resources.go:265.49,266.67 1 0
github.com/yairfalse/wgo/internal/collectors/kubernetes/resources.go:266.67,271.6 1 0
github.com/yairfalse/wgo/internal/collectors/kubernetes/resources.go:271.11,272.29 1 0
github.com/yairfalse/wgo/internal/collectors/kubernetes/resources.go:272.29,275.7 2 0
github.com/yairfalse/wgo/internal/collectors/kubernetes/resources.go:279.42,280.83 1 0
github.com/yairfalse/wgo/internal/collectors/kubernetes/resources.go:280.83,286.5 1 0
github.com/yairfalse/wgo/internal/collectors/kubernetes/resources.go:286.10,287.30 1 0
github.com/yairfalse/wgo/internal/collectors/kubernetes/resources.go:287.30,290.6 2 0
github.com/yairfalse/wgo/internal/collectors/kubernetes/resources.go:293.35,294.87 1 0
github.com/yairfalse/wgo/internal/collectors/kubernetes/resources.go:294.87,300.5 1 0
github.com/yairfalse/wgo/internal/collectors/kubernetes/resources.go:300.10,301.40 1 0
github.com/yairfalse/wgo/internal/collectors/kubernetes/resources.go:301.40,304.6 2 0
github.com/yairfalse/wgo/internal/collectors/kubernetes/resources.go:307.25,308.67 1 0
github.com/yairfalse/wgo/internal/collectors/kubernetes/resources.go:308.67,314.5 1 0
github.com/yairfalse/wgo/internal/collectors/kubernetes/resources.go:314.10,315.32 1 0
github.com/yairfalse/wgo/internal/collectors/kubernetes/resources.go:315.32,318.6 2 0
github.com/yairfalse/wgo/internal/collectors/kubernetes/resources.go:321.32,322.81 1 0
github.com/yairfalse/wgo/internal/collectors/kubernetes/resources.go:322.81,328.5 1 0
github.com/yairfalse/wgo/internal/collectors/kubernetes/resources.go:328.10,329.37 1 0
github.com/yairfalse/wgo/internal/collectors/kubernetes/resources.go:329.37,332.6 2 0
github.com/yairfalse/wgo/internal/collectors/kubernetes/resources.go:337.2,337.26 1 0
github.com/yairfalse/wgo/internal/collectors/kubernetes/resources.go:341.108,342.29 1 0
github.com/yairfalse/wgo/internal/collectors/kubernetes/resources.go:342.29,344.3 1 0
github.com/yairfalse/wgo/internal/collectors/kubernetes/resources.go:346.2,347.37 2 0
github.com/yairfalse/wgo/internal/collectors/kubernetes/resources.go:347.37,349.41 2 0
github.com/yairfalse/wgo/internal/collectors/kubernetes/resources.go:349.41,350.86 1 0
github.com/yairfalse/wgo/internal/collectors/kubernetes/resources.go:350.86,352.10 2 0
github.com/yairfalse/wgo/internal/collectors/kubernetes/resources.go:355.3,355.14 1 0
github.com/yairfalse/wgo/internal/collectors/kubernetes/resources.go:355.14,357.4 1 0
github.com/yairfalse/wgo/internal/collectors/kubernetes/resources.go:360.2,360.17 1 0
github.com/yairfalse/wgo/internal/collectors/kubernetes/resources.go:364.88,367.37 2 0
github.com/yairfalse/wgo/internal/collectors/kubernetes/resources.go:367.37,369.22 2 0
github.com/yairfalse/wgo/internal/collectors/kubernetes/resources.go:369.22,371.4 1 0
github.com/yairfalse/wgo/internal/collectors/kubernetes/resources.go:372.3,372.60 1 0
github.com/yairfalse/wgo/internal/collectors/kubernetes/resources.go:375.2,375.16 1 0
github.com/yairfalse/wgo/internal/collectors/kubernetes/resources.go:379.83,382.37 2 0
github.com/yairfalse/wgo/internal/collectors/kubernetes/resources.go:382.37,384.3 1 0
github.com/yairfalse/wgo/internal/collectors/kubernetes/resources.go:386.2,386.16 1 0
github.com/yairfalse/wgo/internal/collectors/kubernetes/resources.go:390.64,391.62 1 0
github.com/yairfalse/wgo/internal/collectors/kubernetes/resources.go:391.62,392.32 1 0
github.com/yairfalse/wgo/internal/collectors/kubernetes/resources.go:392.32,394.4 1 0
github.com/yairfalse/wgo/internal/collectors/kubernetes/resources.go:396.2,396.59 1 0
github.com/yairfalse/wgo/internal/collectors/kubernetes/resources.go:400.58,403.35 3 0
github.com/yairfalse/wgo/internal/collectors/kubernetes/resources.go:403.35,405.3 1 0
github.com/yairfalse/wgo/internal/collectors/kubernetes/resources.go:407.2,407.45 1 0
github.com/yairfalse/wgo/internal/collectors/kubernetes/resources.go:407.45,408.34 1 0
github.com/yairfalse/wgo/internal/collectors/kubernetes/resources.go:408.34,410.4 1 0
github.com/yairfalse/wgo/internal/collectors/kubernetes/resources.go:413.2,413.12 1 0
github.com/yairfalse/wgo/internal/config/config.go:52.46,57.45 2 0
github.com/yairfalse/wgo/internal/config/config.go:57.45,58.56 1 0
github.com/yairfalse/wgo/internal/config/config.go:58.56,60.4 1 0
github.com/yairfalse/wgo/internal/config/config.go:64.2,65.49 2 0
github.com/yairfalse/wgo/internal/config/config.go:65.49,67.3 1 0
github.com/yairfalse/wgo/internal/config/config.go:70.2,70.35 1 0
github.com/yairfalse/wgo/internal/config/config.go:70.35,72.40 2 0
github.com/yairfalse/wgo/internal/config/config.go:72.40,74.4 1 0
github.com/yairfalse/wgo/internal/config/config.go:77.2,77.21 1 0
github.com/yairfalse/wgo/internal/config/config.go:81.20,105.2 16 0
github.com/yairfalse/wgo/internal/config/config.go:108.50,119.35 3 0
github.com/yairfalse/wgo/internal/config/config.go:119.35,121.17 2 0
github.com/yairfalse/wgo/internal/config/config.go:121.17,122.12 1 0
github.com/yairfalse/wgo/internal/config/config.go:124.3,124.46 1 0
github.com/yairfalse/wgo/internal/config/config.go:127.2,127.24 1 0
github.com/yairfalse/wgo/internal/config/config.go:131.40,132.61 1 0
github.com/yairfalse/wgo/internal/config/config.go:132.61,134.3 1 0
github.com/yairfalse/wgo/internal/config/config.go:136.2,136.46 1 0
github.com/yairfalse/wgo/internal/config/config.go:136.46,138.3 1 0
github.com/yairfalse/wgo/internal/config/config.go:140.2,140.61 1 0
github.com/yairfalse/wgo/internal/config/config.go:140.61,142.3 1 0
github.com/yairfalse/wgo/internal/config/config.go:144.2,144.12 1 0
github.com/yairfalse/wgo/internal/config/config.go:148.54,151.25 2 0
github.com/yairfalse/wgo/internal/config/config.go:151.25,153.3 1 0
github.com/yairfalse/wgo/internal/config/config.go:154.2,154.19 1 0
github.com/yairfalse/wgo/internal/config/config.go:154.19,156.3 1 0
github.com/yairfalse/wgo/internal/config/config.go:157.2,157.26 1 0
github.com/yairfalse/wgo/internal/config/config.go:157.26,159.3 1 0
github.com/yairfalse/wgo/internal/config/config.go:161.2,161.18 1 0
github.com/yairfalse/wgo/internal/config/config.go:165.29,170.47 3 0
github.com/yairfalse/wgo/internal/config/config.go:170.47,172.3 1 0
github.com/yairfalse/wgo/internal/config/config.go:175.2,175.53 1 0
github.com/yairfalse/wgo/internal/config/config.go:175.53,177.3 1 0
github.com/yairfalse/wgo/internal/config/config.go:180.2,219.78 2 0
github.com/yairfalse/wgo/internal/config/config.go:219.78,221.3 1 0
github.com/yairfalse/wgo/internal/config/config.go:223.2,226.12 3 0
github.com/yairfalse/wgo/internal/config/config.go:230.53,231.24 1 0
github.com/yairfalse/wgo/internal/config/config.go:231.24,233.3 1 0
github.com/yairfalse/wgo/internal/config/config.go:236.2,236.51 1 0
github.com/yairfalse/wgo/internal/config/config.go:236.51,238.3 1 0
github.com/yairfalse/wgo/internal/config/config.go:243.2,243.12 1 0
github.com/yairfalse/wgo/internal/config/config.go:247.41,251.2 1 0
github.com/yairfalse/wgo/internal/config/config.go:254.60,255.43 1 0
github.com/yairfalse/wgo/internal/config/config.go:255.43,256.61 1 0
github.com/yairfalse/wgo/internal/config/config.go:256.61,258.4 1 0
github.com/yairfalse/wgo/internal/config/config.go:260.2,260.14 1 0
github.com/yairfalse/wgo/internal/config/config.go:264.39,266.16 2 0
github.com/yairfalse/wgo/internal/config/config.go:266.16,268.3 1 0
github.com/yairfalse/wgo/internal/config/config.go:271.2,271.6 1 0
github.com/yairfalse/wgo/internal/config/config.go:271.6,272.63 1 0
github.com/yairfalse/wgo/internal/config/config.go:272.63,274.4 1 0
github.com/yairfalse/wgo/internal/config/config.go:276.3,277.19 2 0
github.com/yairfalse/wgo/internal/config/config.go:277.19,278.9 1 0
github.com/yairfalse/wgo/internal/config/config.go:280.3,280.14 1 0
github.com/yairfalse/wgo/internal/config/config.go:283.2,283.50 1 0
github.com/yairfalse/wgo/internal/discovery/terraform.go:17.50,22.2 1 0
github.com/yairfalse/wgo/internal/discovery/terraform.go:33.88,34.20 1 0
github.com/yairfalse/wgo/internal/discovery/terraform.go:34.20,37.17 3 0
github.com/yairfalse/wgo/internal/discovery/terraform.go:37.17,39.4 1 0
github.com/yairfalse/wgo/internal/discovery/terraform.go:42.2,44.86 2 0
github.com/yairfalse/wgo/internal/discovery/terraform.go:44.86,45.17 1 0
github.com/yairfalse/wgo/internal/discovery/terraform.go:45.17,48.4 1 0
github.com/yairfalse/wgo/internal/discovery/terraform.go:51.3,51.37 1 0
github.com/yairfalse/wgo/internal/discovery/terraform.go:51.37,53.4 1 0
github.com/yairfalse/wgo/internal/discovery/terraform.go:56.3,58.26 3 0
github.com/yairfalse/wgo/internal/discovery/terraform.go:58.26,59.20 1 0
github.com/yairfalse/wgo/internal/discovery/terraform.go:59.20,61.5 1 0
github.com/yairfalse/wgo/internal/discovery/terraform.go:62.4,62.14 1 0
github.com/yairfalse/wgo/internal/discovery/terraform.go:66.3,66.53 1 0
github.com/yairfalse/wgo/internal/discovery/terraform.go:66.53,68.4 1 0
github.com/yairfalse/wgo/internal/discovery/terraform.go:71.3,71.23 1 0
github.com/yairfalse/wgo/internal/discovery/terraform.go:71.23,73.4 1 0
github.com/yairfalse/wgo/internal/discovery/terraform.go:76.3,76.30 1 0
github.com/yairfalse/wgo/internal/discovery/terraform.go:76.30,78.4 1 0
github.com/yairfalse/wgo/internal/discovery/terraform.go:80.3,87.58 2 0
github.com/yairfalse/wgo/internal/discovery/terraform.go:87.58,89.4 1 0
github.com/yairfalse/wgo/internal/discovery/terraform.go:91.3,92.13 2 0
github.com/yairfalse/wgo/internal/discovery/terraform.go:95.2,95.16 1 0
github.com/yairfalse/wgo/internal/discovery/terraform.go:95.16,97.3 1 0
github.com/yairfalse/wgo/internal/discovery/terraform.go:100.2,102.24 2 0
github.com/yairfalse/wgo/internal/discovery/terraform.go:106.70,110.45 2 0
github.com/yairfalse/wgo/internal/discovery/terraform.go:110.45,112.3 1 0
github.com/yairfalse/wgo/internal/discovery/terraform.go:115.2,115.52 1 0
github.com/yairfalse/wgo/internal/discovery/terraform.go:115.52,117.3 1 0
github.com/yairfalse/wgo/internal/discovery/terraform.go:119.2,119.14 1 0
github.com/yairfalse/wgo/internal/discovery/terraform.go:123.64,127.56 2 0
github.com/yairfalse/wgo/internal/discovery/terraform.go:127.56,129.3 1 0
github.com/yairfalse/wgo/internal/discovery/terraform.go:132.2,132.41 1 0
github.com/yairfalse/wgo/internal/discovery/terraform.go:132.41,134.3 1 0
github.com/yairfalse/wgo/internal/discovery/terraform.go:137.2,138.29 2 0
github.com/yairfalse/wgo/internal/discovery/terraform.go:138.29,139.59 1 0
github.com/yairfalse/wgo/internal/discovery/terraform.go:139.59,141.4 1 0
github.com/yairfalse/wgo/internal/discovery/terraform.go:144.2,144.14 1 0
github.com/yairfalse/wgo/internal/discovery/terraform.go:148.74,151.16 2 0
github.com/yairfalse/wgo/internal/discovery/terraform.go:151.16,153.3 1 0
github.com/yairfalse/wgo/internal/discovery/terraform.go:156.2,157.49 2 0
github.com/yairfalse/wgo/internal/discovery/terraform.go:157.49,160.16 2 0
github.com/yairfalse/wgo/internal/discovery/terraform.go:160.16,162.4 1 0
github.com/yairfalse/wgo/internal/discovery/terraform.go:165.3,166.16 2 0
github.com/yairfalse/wgo/internal/discovery/terraform.go:166.16,168.4 1 0
github.com/yairfalse/wgo/internal/discovery/terraform.go:171.2,171.15 1 0
github.com/yairfalse/wgo/internal/discovery/terraform.go:175.65,182.36 1 0
github.com/yairfalse/wgo/internal/discovery/terraform.go:182.36,183.39 1 0
github.com/yairfalse/wgo/internal/discovery/terraform.go:183.39,184.52 1 0
github.com/yairfalse/wgo/internal/discovery/terraform.go:184.52,186.5 1 0
github.com/yairfalse/wgo/internal/discovery/terraform.go:192.69,196.22 3 0
github.com/yairfalse/wgo/internal/discovery/terraform.go:196.22,198.3 1 0
github.com/yairfalse/wgo/internal/discovery/terraform.go:201.2,201.37 1 0
github.com/yairfalse/wgo/internal/discovery/terraform.go:201.37,203.3 1 0
github.com/yairfalse/wgo/internal/discovery/terraform.go:203.8,203.44 1 0
github.com/yairfalse/wgo/internal/discovery/terraform.go:203.44,205.3 1 0
github.com/yairfalse/wgo/internal/discovery/terraform.go:207.2,207.10 1 0
github.com/yairfalse/wgo/internal/discovery/terraform.go:211.64,218.37 4 0
github.com/yairfalse/wgo/internal/discovery/terraform.go:218.37,220.3 1 0
github.com/yairfalse/wgo/internal/discovery/terraform.go:223.2,223.16 1 0
github.com/yairfalse/wgo/internal/discovery/terraform.go:223.16,225.3 1 0
github.com/yairfalse/wgo/internal/discovery/terraform.go:228.2,228.40 1 0
github.com/yairfalse/wgo/internal/discovery/terraform.go:228.40,230.3 1 0
github.com/yairfalse/wgo/internal/discovery/terraform.go:233.2,236.43 2 0
github.com/yairfalse/wgo/internal/discovery/terraform.go:236.43,238.3 1 0
github.com/yairfalse/wgo/internal/discovery/terraform.go:241.2,241.22 1 0
github.com/yairfalse/wgo/internal/discovery/terraform.go:241.22,243.3 1 0
github.com/yairfalse/wgo/internal/discovery/terraform.go:245.2,245.14 1 0
github.com/yairfalse/wgo/internal/discovery/terraform.go:249.99,250.28 1 0
github.com/yairfalse/wgo/internal/discovery/terraform.go:250.28,252.3 1 0
github.com/yairfalse/wgo/internal/discovery/terraform.go:254.2,254.25 1 0
github.com/yairfalse/wgo/internal/discovery/terraform.go:258.53,261.16 3 0
github.com/yairfalse/wgo/internal/discovery/terraform.go:261.16,263.3 1 0
github.com/yairfalse/wgo/internal/discovery/terraform.go:265.2,266.34 2 0
github.com/yairfalse/wgo/internal/discovery/terraform.go:266.34,268.3 1 0
github.com/yairfalse/wgo/internal/discovery/terraform.go:270.2,270.19 1 0
github.com/yairfalse/wgo/internal/discovery/terraform.go:274.53,277.2 2 0
github.com/yairfalse/wgo/pkg/config/config.go:84.30,126.2 1 0
github.com/yairfalse/wgo/pkg/config/config.go:129.30,137.47 4 0
github.com/yairfalse/wgo/pkg/config/config.go:137.47,139.3 1 0
github.com/yairfalse/wgo/pkg/config/config.go:140.2,153.45 8 0
github.com/yairfalse/wgo/pkg/config/config.go:153.45,154.56 1 0
github.com/yairfalse/wgo/pkg/config/config.go:154.56,156.4 1 0
github.com/yairfalse/wgo/pkg/config/config.go:161.2,161.48 1 0
github.com/yairfalse/wgo/pkg/config/config.go:161.48,163.3 1 0
github.com/yairfalse/wgo/pkg/config/config.go:165.2,165.20 1 0
github.com/yairfalse/wgo/pkg/config/config.go:169.35,170.27 1 0
github.com/yairfalse/wgo/pkg/config/config.go:170.27,172.3 1 0
github.com/yairfalse/wgo/pkg/config/config.go:174.2,174.30 1 0
github.com/yairfalse/wgo/pkg/config/config.go:174.30,176.3 1 0
github.com/yairfalse/wgo/pkg/config/config.go:178.2,178.29 1 0
github.com/yairfalse/wgo/pkg/config/config.go:178.29,180.3 1 0
github.com/yairfalse/wgo/pkg/config/config.go:182.2,182.12 1 0
github.com/yairfalse/wgo/pkg/config/config.go:186.38,189.16 3 0
github.com/yairfalse/wgo/pkg/config/config.go:189.16,191.3 1 0
github.com/yairfalse/wgo/pkg/config/config.go:194.2,194.57 1 0
github.com/yairfalse/wgo/pkg/config/config.go:194.57,196.17 2 0
github.com/yairfalse/wgo/pkg/config/config.go:196.17,198.4 1 0
github.com/yairfalse/wgo/pkg/config/config.go:201.2,201.12 1 0
github.com/yairfalse/wgo/pkg/config/config.go:205.46,206.34 1 0
github.com/yairfalse/wgo/pkg/config/config.go:206.34,208.3 1 0
github.com/yairfalse/wgo/pkg/config/config.go:210.2,211.16 2 0
github.com/yairfalse/wgo/pkg/config/config.go:211.16,213.3 1 0
github.com/yairfalse/wgo/pkg/config/config.go:215.2,215.20 1 0
github.com/yairfalse/wgo/pkg/config/config.go:215.20,217.3 1 0
github.com/yairfalse/wgo/pkg/config/config.go:219.2,219.43 1 0
github.com/yairfalse/wgo/pkg/config/defaults.go:16.44,21.2 2 0
github.com/yairfalse/wgo/pkg/config/defaults.go:24.69,45.54 2 0
github.com/yairfalse/wgo/pkg/config/defaults.go:45.54,47.3 1 0
github.com/yairfalse/wgo/pkg/config/defaults.go:49.2,49.20 1 0
github.com/yairfalse/wgo/pkg/config/defaults.go:53.59,57.40 2 0
github.com/yairfalse/wgo/pkg/config/defaults.go:57.40,58.74 1 0
github.com/yairfalse/wgo/pkg/config/defaults.go:58.74,61.4 1 0
github.com/yairfalse/wgo/pkg/config/defaults.go:65.2,66.16 2 0
github.com/yairfalse/wgo/pkg/config/defaults.go:66.16,68.3 1 0
github.com/yairfalse/wgo/pkg/config/defaults.go:70.2,70.39 1 0
github.com/yairfalse/wgo/pkg/config/defaults.go:74.57,77.2 2 0
github.com/yairfalse/wgo/pkg/config/defaults.go:80.69,82.29 1 0
github.com/yairfalse/wgo/pkg/config/defaults.go:82.29,87.3 1 0
github.com/yairfalse/wgo/pkg/config/defaults.go:90.2,90.25 1 0
github.com/yairfalse/wgo/pkg/config/defaults.go:90.25,95.3 1 0
github.com/yairfalse/wgo/pkg/config/defaults.go:98.2,98.32 1 0
github.com/yairfalse/wgo/pkg/config/defaults.go:98.32,104.3 1 0
github.com/yairfalse/wgo/pkg/config/defaults.go:106.2,106.12 1 0
github.com/yairfalse/wgo/pkg/config/defaults.go:110.54,117.41 2 0
github.com/yairfalse/wgo/pkg/config/defaults.go:117.41,118.91 1 0
github.com/yairfalse/wgo/pkg/config/defaults.go:118.91,120.4 1 0
github.com/yairfalse/wgo/pkg/config/defaults.go:123.2,123.14 1 0
github.com/yairfalse/wgo/pkg/config/defaults.go:127.50,129.86 1 0
github.com/yairfalse/wgo/pkg/config/defaults.go:129.86,131.3 1 0
github.com/yairfalse/wgo/pkg/config/defaults.go:134.2,135.16 2 0
github.com/yairfalse/wgo/pkg/config/defaults.go:135.16,137.3 1 0
github.com/yairfalse/wgo/pkg/config/defaults.go:139.2,144.38 2 0
github.com/yairfalse/wgo/pkg/config/defaults.go:144.38,145.42 1 0
github.com/yairfalse/wgo/pkg/config/defaults.go:145.42,147.4 1 0
github.com/yairfalse/wgo/pkg/config/defaults.go:150.2,150.14 1 0
github.com/yairfalse/wgo/pkg/config/defaults.go:154.57,156.16 2 0
github.com/yairfalse/wgo/pkg/config/defaults.go:156.16,158.3 1 0
github.com/yairfalse/wgo/pkg/config/defaults.go:160.2,161.51 2 0
github.com/yairfalse/wgo/pkg/config/defaults.go:161.51,163.3 1 0
github.com/yairfalse/wgo/pkg/config/defaults.go:166.2,166.35 1 0
github.com/yairfalse/wgo/pkg/config/defaults.go:166.35,168.3 1 0
github.com/yairfalse/wgo/pkg/config/defaults.go:170.2,170.14 1 0
github.com/yairfalse/wgo/pkg/config/defaults.go:174.60,176.2 1 0
github.com/yairfalse/wgo/pkg/config/defaults.go:179.67,184.38 2 0
github.com/yairfalse/wgo/pkg/config/defaults.go:184.38,186.3 1 0
github.com/yairfalse/wgo/pkg/config/defaults.go:189.2,191.60 2 0
github.com/yairfalse/wgo/pkg/config/defaults.go:195.63,197.2 1 0
github.com/yairfalse/wgo/pkg/config/defaults.go:200.67,202.67 1 0
github.com/yairfalse/wgo/pkg/config/defaults.go:202.67,204.3 1 0
github.com/yairfalse/wgo/pkg/config/defaults.go:207.2,208.53 2 0
github.com/yairfalse/wgo/pkg/config/defaults.go:208.53,210.3 1 0
github.com/yairfalse/wgo/pkg/config/defaults.go:212.2,212.12 1 0
github.com/yairfalse/wgo/pkg/config/defaults.go:216.77,222.41 4 0
github.com/yairfalse/wgo/pkg/config/defaults.go:222.41,224.3 1 0
github.com/yairfalse/wgo/pkg/config/defaults.go:225.2,225.35 1 0
github.com/yairfalse/wgo/pkg/config/defaults.go:225.35,227.3 1 0
github.com/yairfalse/wgo/pkg/config/defaults.go:228.2,228.42 1 0
github.com/yairfalse/wgo/pkg/config/defaults.go:228.42,230.3 1 0
github.com/yairfalse/wgo/pkg/config/defaults.go:232.2,232.31 1 0
github.com/yairfalse/wgo/pkg/config/defaults.go:232.31,234.45 2 0
github.com/yairfalse/wgo/pkg/config/defaults.go:234.45,236.4 1 0
github.com/yairfalse/wgo/pkg/config/defaults.go:237.8,239.3 1 0
github.com/yairfalse/wgo/pkg/config/defaults.go:241.2,241.29 1 0
github.com/yairfalse/wgo/pkg/config/defaults.go:241.29,243.3 1 0
github.com/yairfalse/wgo/pkg/config/defaults.go:245.2,245.17 1 0
github.com/yairfalse/wgo/internal/differ/classifier.go:21.48,28.2 3 0
github.com/yairfalse/wgo/internal/differ/classifier.go:31.47,159.2 19 0
github.com/yairfalse/wgo/internal/differ/classifier.go:162.95,164.56 1 69
github.com/yairfalse/wgo/internal/differ/classifier.go:164.56,166.3 1 0
github.com/yairfalse/wgo/internal/differ/classifier.go:169.2,169.42 1 69
github.com/yairfalse/wgo/internal/differ/classifier.go:173.88,175.51 1 69
github.com/yairfalse/wgo/internal/differ/classifier.go:175.51,177.3 1 0
github.com/yairfalse/wgo/internal/differ/classifier.go:180.2,183.37 3 69
github.com/yairfalse/wgo/internal/differ/classifier.go:183.37,184.84 1 0
github.com/yairfalse/wgo/internal/differ/classifier.go:184.84,186.4 1 0
github.com/yairfalse/wgo/internal/differ/classifier.go:189.2,189.36 1 69
github.com/yairfalse/wgo/internal/differ/classifier.go:193.104,199.43 4 69
github.com/yairfalse/wgo/internal/differ/classifier.go:199.43,200.84 1 859
github.com/yairfalse/wgo/internal/differ/classifier.go:200.84,202.4 1 4
github.com/yairfalse/wgo/internal/differ/classifier.go:206.2,207.42 2 65
github.com/yairfalse/wgo/internal/differ/classifier.go:207.42,208.84 1 634
github.com/yairfalse/wgo/internal/differ/classifier.go:208.84,210.4 1 8
github.com/yairfalse/wgo/internal/differ/classifier.go:214.2,215.39 2 57
github.com/yairfalse/wgo/internal/differ/classifier.go:215.39,216.84 1 389
github.com/yairfalse/wgo/internal/differ/classifier.go:216.84,218.4 1 12
github.com/yairfalse/wgo/internal/differ/classifier.go:222.2,223.42 2 45
github.com/yairfalse/wgo/internal/differ/classifier.go:223.42,224.84 1 270
github.com/yairfalse/wgo/internal/differ/classifier.go:224.84,226.4 1 0
github.com/yairfalse/wgo/internal/differ/classifier.go:230.2,231.42 2 45
github.com/yairfalse/wgo/internal/differ/classifier.go:231.42,232.84 1 315
github.com/yairfalse/wgo/internal/differ/classifier.go:232.84,234.4 1 0
github.com/yairfalse/wgo/internal/differ/classifier.go:238.2,238.72 1 45
github.com/yairfalse/wgo/internal/differ/classifier.go:238.72,240.3 1 5
github.com/yairfalse/wgo/internal/differ/classifier.go:243.2,243.48 1 40
github.com/yairfalse/wgo/internal/differ/classifier.go:247.90,248.23 1 19
github.com/yairfalse/wgo/internal/differ/classifier.go:248.23,250.3 1 2
github.com/yairfalse/wgo/internal/differ/classifier.go:252.2,258.33 6 17
github.com/yairfalse/wgo/internal/differ/classifier.go:258.33,262.31 3 29
github.com/yairfalse/wgo/internal/differ/classifier.go:262.31,264.4 1 21
github.com/yairfalse/wgo/internal/differ/classifier.go:266.3,266.19 1 29
github.com/yairfalse/wgo/internal/differ/classifier.go:267.26,268.21 1 0
github.com/yairfalse/wgo/internal/differ/classifier.go:269.22,270.17 1 1
github.com/yairfalse/wgo/internal/differ/classifier.go:271.24,272.19 1 9
github.com/yairfalse/wgo/internal/differ/classifier.go:277.2,281.50 3 17
github.com/yairfalse/wgo/internal/differ/classifier.go:281.50,283.3 1 0
github.com/yairfalse/wgo/internal/differ/classifier.go:284.2,284.46 1 17
github.com/yairfalse/wgo/internal/differ/classifier.go:284.46,286.3 1 1
github.com/yairfalse/wgo/internal/differ/classifier.go:287.2,287.48 1 16
github.com/yairfalse/wgo/internal/differ/classifier.go:287.48,289.3 1 5
github.com/yairfalse/wgo/internal/differ/classifier.go:291.2,291.36 1 11
github.com/yairfalse/wgo/internal/differ/classifier.go:295.93,296.33 1 16
github.com/yairfalse/wgo/internal/differ/classifier.go:296.33,298.3 1 7
github.com/yairfalse/wgo/internal/differ/classifier.go:301.2,307.23 6 9
github.com/yairfalse/wgo/internal/differ/classifier.go:307.23,309.3 1 0
github.com/yairfalse/wgo/internal/differ/classifier.go:312.2,323.44 6 9
github.com/yairfalse/wgo/internal/differ/classifier.go:323.44,325.3 1 2
github.com/yairfalse/wgo/internal/differ/classifier.go:326.2,326.40 1 7
github.com/yairfalse/wgo/internal/differ/classifier.go:326.40,328.3 1 3
github.com/yairfalse/wgo/internal/differ/classifier.go:329.2,329.42 1 4
github.com/yairfalse/wgo/internal/differ/classifier.go:329.42,331.3 1 1
github.com/yairfalse/wgo/internal/differ/classifier.go:333.2,333.32 1 3
github.com/yairfalse/wgo/internal/differ/classifier.go:358.50,364.2 1 0
github.com/yairfalse/wgo/internal/differ/classifier.go:367.96,375.2 2 0
github.com/yairfalse/wgo/internal/differ/classifier.go:378.91,380.2 1 0
github.com/yairfalse/wgo/internal/differ/classifier.go:383.94,385.2 1 0
github.com/yairfalse/wgo/internal/differ/classifier.go:388.75,390.2 1 0
github.com/yairfalse/wgo/internal/differ/classifier.go:393.63,395.2 1 0
github.com/yairfalse/wgo/internal/differ/comparer.go:17.87,21.35 2 22
github.com/yairfalse/wgo/internal/differ/comparer.go:21.35,31.3 1 0
github.com/yairfalse/wgo/internal/differ/comparer.go:33.2,33.39 1 22
github.com/yairfalse/wgo/internal/differ/comparer.go:33.39,43.3 1 0
github.com/yairfalse/wgo/internal/differ/comparer.go:45.2,45.45 1 22
github.com/yairfalse/wgo/internal/differ/comparer.go:45.45,55.3 1 0
github.com/yairfalse/wgo/internal/differ/comparer.go:58.2,63.31 4 22
github.com/yairfalse/wgo/internal/differ/comparer.go:63.31,65.3 1 28
github.com/yairfalse/wgo/internal/differ/comparer.go:66.2,71.16 3 22
github.com/yairfalse/wgo/internal/differ/comparer.go:75.116,79.43 2 34
github.com/yairfalse/wgo/internal/differ/comparer.go:79.43,82.32 2 95
github.com/yairfalse/wgo/internal/differ/comparer.go:82.32,83.12 1 2
github.com/yairfalse/wgo/internal/differ/comparer.go:86.3,86.52 1 93
github.com/yairfalse/wgo/internal/differ/comparer.go:86.52,95.4 1 1
github.com/yairfalse/wgo/internal/differ/comparer.go:95.9,99.4 2 92
github.com/yairfalse/wgo/internal/differ/comparer.go:103.2,103.41 1 34
github.com/yairfalse/wgo/internal/differ/comparer.go:103.41,106.32 2 95
github.com/yairfalse/wgo/internal/differ/comparer.go:106.32,107.12 1 2
github.com/yairfalse/wgo/internal/differ/comparer.go:110.3,110.42 1 93
github.com/yairfalse/wgo/internal/differ/comparer.go:110.42,119.4 1 1
github.com/yairfalse/wgo/internal/differ/comparer.go:122.2,122.16 1 34
github.com/yairfalse/wgo/internal/differ/comparer.go:126.99,130.39 2 107
github.com/yairfalse/wgo/internal/differ/comparer.go:130.39,132.3 1 0
github.com/yairfalse/wgo/internal/differ/comparer.go:133.2,133.39 1 107
github.com/yairfalse/wgo/internal/differ/comparer.go:133.39,143.3 2 0
github.com/yairfalse/wgo/internal/differ/comparer.go:144.2,144.39 1 107
github.com/yairfalse/wgo/internal/differ/comparer.go:144.39,154.3 2 0
github.com/yairfalse/wgo/internal/differ/comparer.go:157.2,161.33 3 107
github.com/yairfalse/wgo/internal/differ/comparer.go:161.33,171.3 2 0
github.com/yairfalse/wgo/internal/differ/comparer.go:174.2,174.42 1 107
github.com/yairfalse/wgo/internal/differ/comparer.go:175.30,176.61 1 9
github.com/yairfalse/wgo/internal/differ/comparer.go:176.61,179.4 2 9
github.com/yairfalse/wgo/internal/differ/comparer.go:180.21,181.54 1 19
github.com/yairfalse/wgo/internal/differ/comparer.go:181.54,184.4 2 19
github.com/yairfalse/wgo/internal/differ/comparer.go:185.10,187.44 1 79
github.com/yairfalse/wgo/internal/differ/comparer.go:187.44,196.4 1 24
github.com/yairfalse/wgo/internal/differ/comparer.go:199.2,199.16 1 107
github.com/yairfalse/wgo/internal/differ/comparer.go:203.101,207.35 2 19
github.com/yairfalse/wgo/internal/differ/comparer.go:207.35,217.3 2 5
github.com/yairfalse/wgo/internal/differ/comparer.go:220.2,220.37 1 14
github.com/yairfalse/wgo/internal/differ/comparer.go:220.37,224.3 3 15
github.com/yairfalse/wgo/internal/differ/comparer.go:226.2,226.16 1 14
github.com/yairfalse/wgo/internal/differ/comparer.go:230.104,234.43 2 22
github.com/yairfalse/wgo/internal/differ/comparer.go:234.43,235.52 1 18
github.com/yairfalse/wgo/internal/differ/comparer.go:235.52,245.4 1 0
github.com/yairfalse/wgo/internal/differ/comparer.go:245.9,245.43 1 18
github.com/yairfalse/wgo/internal/differ/comparer.go:245.43,255.4 1 3
github.com/yairfalse/wgo/internal/differ/comparer.go:259.2,259.41 1 22
github.com/yairfalse/wgo/internal/differ/comparer.go:259.41,260.42 1 18
github.com/yairfalse/wgo/internal/differ/comparer.go:260.42,270.4 1 0
github.com/yairfalse/wgo/internal/differ/comparer.go:273.2,273.16 1 22
github.com/yairfalse/wgo/internal/differ/comparer.go:277.66,278.20 1 190
github.com/yairfalse/wgo/internal/differ/comparer.go:278.20,280.3 1 6
github.com/yairfalse/wgo/internal/differ/comparer.go:281.2,281.44 1 184
github.com/yairfalse/wgo/internal/differ/comparer.go:285.63,286.54 1 221
github.com/yairfalse/wgo/internal/differ/comparer.go:286.54,287.43 1 45
github.com/yairfalse/wgo/internal/differ/comparer.go:287.43,289.4 1 4
[...]
github.com/yairfalse/wgo/internal/collectors/terraform/remote.go:30.16,32.3 1 0
github.com/yairfalse/wgo/internal/collectors/terraform/remote.go:35.2,35.17 1 0
github.com/yairfalse/wgo/internal/collectors/terraform/remote.go:36.12,37.43 1 0
github.com/yairfalse/wgo/internal/collectors/terraform/remote.go:38.17,39.46 1 0
github.com/yairfalse/wgo/internal/collectors/terraform/remote.go:40.13,41.44 1 0
github.com/yairfalse/wgo/internal/collectors/terraform/remote.go:42.10,43.68 1 0
github.com/yairfalse/wgo/internal/collectors/terraform/remote.go:48.102,50.16 2 0
github.com/yairfalse/wgo/internal/collectors/terraform/remote.go:50.16,52.3 1 0
github.com/yairfalse/wgo/internal/collectors/terraform/remote.go:54.2,56.18 2 0
github.com/yairfalse/wgo/internal/collectors/terraform/remote.go:57.12,61.54 3 0
github.com/yairfalse/wgo/internal/collectors/terraform/remote.go:61.54,63.4 1 0
github.com/yairfalse/wgo/internal/collectors/terraform/remote.go:64.3,64.27 1 0
github.com/yairfalse/wgo/internal/collectors/terraform/remote.go:66.17,70.26 3 0
github.com/yairfalse/wgo/internal/collectors/terraform/remote.go:70.26,72.4 1 0
github.com/yairfalse/wgo/internal/collectors/terraform/remote.go:73.3,73.26 1 0
github.com/yairfalse/wgo/internal/collectors/terraform/remote.go:73.26,75.4 1 0
github.com/yairfalse/wgo/internal/collectors/terraform/remote.go:76.3,76.32 1 0
github.com/yairfalse/wgo/internal/collectors/terraform/remote.go:78.13,82.28 3 0
github.com/yairfalse/wgo/internal/collectors/terraform/remote.go:84.10,85.65 1 0
github.com/yairfalse/wgo/internal/collectors/terraform/remote.go:90.122,99.2 1 0
github.com/yairfalse/wgo/internal/collectors/terraform/remote.go:102.125,111.2 1 0
github.com/yairfalse/wgo/internal/collectors/terraform/remote.go:114.123,123.2 1 0
github.com/yairfalse/wgo/internal/collectors/terraform/remote.go:126.62,128.2 1 0
github.com/yairfalse/wgo/internal/collectors/terraform/remote.go:131.99,132.17 1 0
github.com/yairfalse/wgo/internal/collectors/terraform/remote.go:133.12,134.29 1 0
github.com/yairfalse/wgo/internal/collectors/terraform/remote.go:134.29,136.4 1 0
github.com/yairfalse/wgo/internal/collectors/terraform/remote.go:137.3,137.26 1 0
github.com/yairfalse/wgo/internal/collectors/terraform/remote.go:137.26,139.4 1 0
github.com/yairfalse/wgo/internal/collectors/terraform/remote.go:141.17,142.43 1 0
github.com/yairfalse/wgo/internal/collectors/terraform/remote.go:142.43,144.4 1 0
github.com/yairfalse/wgo/internal/collectors/terraform/remote.go:145.3,145.37 1 0
github.com/yairfalse/wgo/internal/collectors/terraform/remote.go:145.37,147.4 1 0
github.com/yairfalse/wgo/internal/collectors/terraform/remote.go:148.3,148.26 1 0
github.com/yairfalse/wgo/internal/collectors/terraform/remote.go:148.26,150.4 1 0
github.com/yairfalse/wgo/internal/collectors/terraform/remote.go:152.13,153.29 1 0
github.com/yairfalse/wgo/internal/collectors/terraform/remote.go:153.29,155.4 1 0
github.com/yairfalse/wgo/internal/collectors/terraform/remote.go:156.3,156.29 1 0
github.com/yairfalse/wgo/internal/collectors/terraform/remote.go:156.29,158.4 1 0
github.com/yairfalse/wgo/internal/collectors/terraform/remote.go:160.10,161.56 1 0
github.com/yairfalse/wgo/internal/collectors/terraform/remote.go:164.2,164.12 1 0
github.com/yairfalse/wgo/internal/collectors/terraform/remote.go:168.98,170.16 2 0
github.com/yairfalse/wgo/internal/collectors/terraform/remote.go:170.16,172.3 1 0
github.com/yairfalse/wgo/internal/collectors/terraform/remote.go:174.2,181.17 2 0
github.com/yairfalse/wgo/internal/collectors/terraform/remote.go:182.12,184.49 2 0
github.com/yairfalse/wgo/internal/collectors/terraform/remote.go:184.49,186.4 1 0
github.com/yairfalse/wgo/internal/collectors/terraform/remote.go:188.17,189.128 1 0
github.com/yairfalse/wgo/internal/collectors/terraform/remote.go:191.13,192.88 1 0
github.com/yairfalse/wgo/internal/collectors/terraform/remote.go:195.2,195.18 1 0
github.com/yairfalse/wgo/internal/collectors/terraform/stream_parser.go:18.44,22.2 1 20
github.com/yairfalse/wgo/internal/collectors/terraform/stream_parser.go:25.85,27.16 2 1
github.com/yairfalse/wgo/internal/collectors/terraform/stream_parser.go:27.16,28.25 1 0
github.com/yairfalse/wgo/internal/collectors/terraform/stream_parser.go:28.25,30.4 1 0
github.com/yairfalse/wgo/internal/collectors/terraform/stream_parser.go:31.3,31.86 1 0
github.com/yairfalse/wgo/internal/collectors/terraform/stream_parser.go:33.2,37.16 3 1
github.com/yairfalse/wgo/internal/collectors/terraform/stream_parser.go:37.16,39.3 1 0
github.com/yairfalse/wgo/internal/collectors/terraform/stream_parser.go:41.2,44.29 2 1
github.com/yairfalse/wgo/internal/collectors/terraform/stream_parser.go:44.29,46.3 1 0
github.com/yairfalse/wgo/internal/collectors/terraform/stream_parser.go:49.2,49.45 1 1
github.com/yairfalse/wgo/internal/collectors/terraform/stream_parser.go:53.103,57.47 3 1
github.com/yairfalse/wgo/internal/collectors/terraform/stream_parser.go:57.47,59.3 1 0
github.com/yairfalse/wgo/internal/collectors/terraform/stream_parser.go:61.2,61.55 1 1
github.com/yairfalse/wgo/internal/collectors/terraform/stream_parser.go:65.120,74.16 4 0
github.com/yairfalse/wgo/internal/collectors/terraform/stream_parser.go:74.16,76.3 1 0
github.com/yairfalse/wgo/internal/collectors/terraform/stream_parser.go:78.2,78.54 1 0
github.com/yairfalse/wgo/internal/collectors/terraform/stream_parser.go:82.106,89.6 3 0
github.com/yairfalse/wgo/internal/collectors/terraform/stream_parser.go:89.6,91.12 2 0
github.com/yairfalse/wgo/internal/collectors/terraform/stream_parser.go:91.12,93.4 1 0
github.com/yairfalse/wgo/internal/collectors/terraform/stream_parser.go:94.3,94.20 1 0
github.com/yairfalse/wgo/internal/collectors/terraform/stream_parser.go:94.20,95.9 1 0
github.com/yairfalse/wgo/internal/collectors/terraform/stream_parser.go:97.3,97.17 1 0
github.com/yairfalse/wgo/internal/collectors/terraform/stream_parser.go:97.17,99.4 1 0
github.com/yairfalse/wgo/internal/collectors/terraform/stream_parser.go:102.2,103.77 2 0
github.com/yairfalse/wgo/internal/collectors/terraform/stream_parser.go:103.77,105.3 1 0
github.com/yairfalse/wgo/internal/collectors/terraform/stream_parser.go:107.2,107.20 1 0
github.com/yairfalse/wgo/internal/collectors/terraform/stream_parser.go:111.119,113.24 1 1
github.com/yairfalse/wgo/internal/collectors/terraform/stream_parser.go:113.24,115.3 1 0
github.com/yairfalse/wgo/internal/collectors/terraform/stream_parser.go:118.2,118.34 1 1
github.com/yairfalse/wgo/internal/collectors/terraform/stream_parser.go:118.34,120.3 1 0
github.com/yairfalse/wgo/internal/collectors/terraform/stream_parser.go:123.2,123.44 1 1
github.com/yairfalse/wgo/internal/collectors/terraform/stream_parser.go:123.44,125.3 1 0
github.com/yairfalse/wgo/internal/collectors/terraform/stream_parser.go:128.2,128.50 1 1
github.com/yairfalse/wgo/internal/collectors/terraform/stream_parser.go:128.50,130.3 1 0
github.com/yairfalse/wgo/internal/collectors/terraform/stream_parser.go:132.2,132.48 1 1
github.com/yairfalse/wgo/internal/collectors/terraform/stream_parser.go:132.48,134.3 1 0
github.com/yairfalse/wgo/internal/collectors/terraform/stream_parser.go:136.2,136.19 1 1
github.com/yairfalse/wgo/internal/collectors/terraform/stream_parser.go:140.78,144.9 2 0
github.com/yairfalse/wgo/internal/collectors/terraform/stream_parser.go:145.58,146.137 1 0
github.com/yairfalse/wgo/internal/collectors/terraform/stream_parser.go:148.53,149.117 1 0
github.com/yairfalse/wgo/internal/collectors/terraform/stream_parser.go:151.52,152.133 1 0
github.com/yairfalse/wgo/internal/collectors/terraform/stream_parser.go:154.10,155.82 1 0
github.com/yairfalse/wgo/internal/collectors/terraform/stream_parser.go:166.86,168.16 2 0
github.com/yairfalse/wgo/internal/collectors/terraform/stream_parser.go:168.16,170.3 1 0
github.com/yairfalse/wgo/internal/collectors/terraform/stream_parser.go:171.2,188.47 5 0
github.com/yairfalse/wgo/internal/collectors/terraform/stream_parser.go:188.47,190.3 1 0
github.com/yairfalse/wgo/internal/collectors/terraform/stream_parser.go:192.2,192.43 1 0
github.com/yairfalse/wgo/internal/collectors/terraform/stream_parser.go:192.43,196.3 3 0
github.com/yairfalse/wgo/internal/collectors/terraform/stream_parser.go:198.2,198.21 1 0
github.com/yairfalse/wgo/internal/collectors/terraform/stream_parser.go:202.69,204.16 2 0
github.com/yairfalse/wgo/internal/collectors/terraform/stream_parser.go:204.16,205.25 1 0
github.com/yairfalse/wgo/internal/collectors/terraform/stream_parser.go:205.25,207.4 1 0
github.com/yairfalse/wgo/internal/collectors/terraform/stream_parser.go:208.3,208.80 1 0
github.com/yairfalse/wgo/internal/collectors/terraform/stream_parser.go:210.2,214.16 3 0
github.com/yairfalse/wgo/internal/collectors/terraform/stream_parser.go:214.16,216.3 1 0
github.com/yairfalse/wgo/internal/collectors/terraform/stream_parser.go:218.2,218.22 1 0
github.com/yairfalse/wgo/internal/collectors/terraform/stream_parser.go:218.22,220.3 1 0
github.com/yairfalse/wgo/internal/collectors/terraform/stream_parser.go:223.2,225.16 3 0
github.com/yairfalse/wgo/internal/collectors/terraform/stream_parser.go:225.16,227.3 1 0
github.com/yairfalse/wgo/internal/collectors/terraform/stream_parser.go:229.2,229.22 1 0
github.com/yairfalse/wgo/internal/collectors/terraform/stream_parser.go:229.22,231.3 1 0
github.com/yairfalse/wgo/internal/collectors/terraform/stream_parser.go:234.2,240.54 4 0
github.com/yairfalse/wgo/internal/collectors/terraform/stream_parser.go:240.54,242.3 1 0
github.com/yairfalse/wgo/internal/collectors/terraform/stream_parser.go:244.2,244.58 1 0
github.com/yairfalse/wgo/internal/collectors/terraform/stream_parser.go:244.58,246.3 1 0
github.com/yairfalse/wgo/internal/collectors/terraform/stream_parser.go:248.2,248.12 1 0
github.com/yairfalse/wgo/internal/collectors/init.go:4.34,6.2 1 0
github.com/yairfalse/wgo/internal/collectors/registry.go:17.39,21.2 1 4
github.com/yairfalse/wgo/internal/collectors/registry.go:27.43,28.28 1 2
github.com/yairfalse/wgo/internal/collectors/registry.go:28.28,30.3 1 1
github.com/yairfalse/wgo/internal/collectors/registry.go:31.2,31.24 1 2
github.com/yairfalse/wgo/internal/collectors/registry.go:34.59,38.2 3 4
github.com/yairfalse/wgo/internal/collectors/registry.go:40.45,45.33 4 2
github.com/yairfalse/wgo/internal/collectors/registry.go:45.33,47.3 1 2
github.com/yairfalse/wgo/internal/collectors/registry.go:49.2,49.14 1 2
github.com/yairfalse/wgo/internal/collectors/registry.go:52.64,58.2 4 3
github.com/yairfalse/wgo/internal/collectors/registry.go:65.54,70.2 1 8
github.com/yairfalse/wgo/internal/collectors/registry.go:72.39,74.2 1 10
github.com/yairfalse/wgo/internal/collectors/registry.go:76.41,78.2 1 2
github.com/yairfalse/wgo/internal/collectors/registry_enhanced.go:19.46,24.2 1 7
github.com/yairfalse/wgo/internal/collectors/registry_enhanced.go:27.74,31.2 3 6
github.com/yairfalse/wgo/internal/collectors/registry_enhanced.go:34.64,38.2 3 4
github.com/yairfalse/wgo/internal/collectors/registry_enhanced.go:41.80,46.13 4 3
github.com/yairfalse/wgo/internal/collectors/registry_enhanced.go:46.13,48.3 1 1
github.com/yairfalse/wgo/internal/collectors/registry_enhanced.go:50.2,50.23 1 2
github.com/yairfalse/wgo/internal/collectors/registry_enhanced.go:54.70,59.13 4 2
github.com/yairfalse/wgo/internal/collectors/registry_enhanced.go:59.13,61.3 1 2
github.com/yairfalse/wgo/internal/collectors/registry_enhanced.go:63.2,63.23 1 0
github.com/yairfalse/wgo/internal/collectors/registry_enhanced.go:67.52,72.33 4 2
github.com/yairfalse/wgo/internal/collectors/registry_enhanced.go:72.33,74.3 1 2
github.com/yairfalse/wgo/internal/collectors/registry_enhanced.go:76.2,76.14 1 2
github.com/yairfalse/wgo/internal/collectors/registry_enhanced.go:80.50,85.39 4 1
github.com/yairfalse/wgo/internal/collectors/registry_enhanced.go:85.39,87.3 1 1
github.com/yairfalse/wgo/internal/collectors/registry_enhanced.go:89.2,89.14 1 1
github.com/yairfalse/wgo/internal/collectors/registry_enhanced.go:93.47,99.33 4 3
github.com/yairfalse/wgo/internal/collectors/registry_enhanced.go:99.33,101.3 1 2
github.com/yairfalse/wgo/internal/collectors/registry_enhanced.go:103.2,103.39 1 3
github.com/yairfalse/wgo/internal/collectors/registry_enhanced.go:103.39,105.3 1 2
github.com/yairfalse/wgo/internal/collectors/registry_enhanced.go:107.2,107.14 1 3
github.com/yairfalse/wgo/internal/collectors/registry_enhanced.go:111.139,113.63 1 0
github.com/yairfalse/wgo/internal/collectors/registry_enhanced.go:113.63,115.3 1 0
github.com/yairfalse/wgo/internal/collectors/registry_enhanced.go:118.2,118.119 1 0
github.com/yairfalse/wgo/internal/collectors/registry_enhanced.go:122.94,124.16 2 0
github.com/yairfalse/wgo/internal/collectors/registry_enhanced.go:124.16,126.3 1 0
github.com/yairfalse/wgo/internal/collectors/registry_enhanced.go:128.2,128.35 1 0
github.com/yairfalse/wgo/internal/collectors/registry_enhanced.go:132.87,134.16 2 0
github.com/yairfalse/wgo/internal/collectors/registry_enhanced.go:134.16,136.3 1 0
github.com/yairfalse/wgo/internal/collectors/registry_enhanced.go:138.2,138.33 1 0
github.com/yairfalse/wgo/internal/collectors/registry_enhanced.go:142.89,147.61 3 0
github.com/yairfalse/wgo/internal/collectors/registry_enhanced.go:147.61,156.3 1 0
github.com/yairfalse/wgo/internal/collectors/registry_enhanced.go:159.2,159.67 1 0
github.com/yairfalse/wgo/internal/collectors/registry_enhanced.go:159.67,168.3 1 0
github.com/yairfalse/wgo/internal/collectors/registry_enhanced.go:170.2,170.76 1 0
github.com/yairfalse/wgo/internal/collectors/registry_enhanced.go:174.61,176.2 1 2
github.com/yairfalse/wgo/internal/collectors/registry_enhanced.go:179.60,181.2 1 1
github.com/yairfalse/wgo/internal/collectors/registry_enhanced.go:184.65,190.2 4 0
github.com/yairfalse/wgo/internal/collectors/registry_enhanced.go:193.58,199.44 4 1
github.com/yairfalse/wgo/internal/collectors/registry_enhanced.go:199.44,201.3 1 1
github.com/yairfalse/wgo/internal/collectors/registry_enhanced.go:203.2,203.50 1 1
github.com/yairfalse/wgo/internal/collectors/registry_enhanced.go:203.50,205.3 1 1
github.com/yairfalse/wgo/internal/collectors/registry_enhanced.go:207.2,207.15 1 1
github.com/yairfalse/wgo/internal/collectors/registry_enhanced.go:214.50,215.36 1 2
github.com/yairfalse/wgo/internal/collectors/registry_enhanced.go:215.36,217.3 1 1
github.com/yairfalse/wgo/internal/collectors/registry_enhanced.go:218.2,218.32 1 2
github.com/yairfalse/wgo/internal/logger/logger.go:22.25,26.2 1 5
github.com/yairfalse/wgo/internal/logger/logger.go:28.41,29.23 1 4
github.com/yairfalse/wgo/internal/logger/logger.go:29.23,31.3 1 3
github.com/yairfalse/wgo/internal/logger/logger.go:31.8,33.3 1 1
github.com/yairfalse/wgo/internal/logger/logger.go:36.53,37.23 1 1
github.com/yairfalse/wgo/internal/logger/logger.go:37.23,39.3 1 0
github.com/yairfalse/wgo/internal/logger/logger.go:39.8,41.3 1 1
github.com/yairfalse/wgo/internal/logger/logger.go:44.72,46.29 2 3
github.com/yairfalse/wgo/internal/logger/logger.go:46.29,48.3 1 1
github.com/yairfalse/wgo/internal/logger/logger.go:49.2,51.41 2 3
github.com/yairfalse/wgo/internal/logger/logger.go:54.73,56.29 2 1
github.com/yairfalse/wgo/internal/logger/logger.go:56.29,58.3 1 0
github.com/yairfalse/wgo/internal/logger/logger.go:59.2,59.27 1 1
github.com/yairfalse/wgo/internal/logger/logger.go:59.27,61.3 1 2
github.com/yairfalse/wgo/internal/logger/logger.go:63.2,63.41 1 1
github.com/yairfalse/wgo/internal/logger/logger.go:71.25,77.2 2 0
github.com/yairfalse/wgo/internal/logger/logger.go:79.41,81.2 1 0
github.com/yairfalse/wgo/internal/logger/logger.go:83.53,85.2 1 0
github.com/yairfalse/wgo/internal/logger/logger.go:87.72,92.2 1 0
github.com/yairfalse/wgo/internal/logger/logger.go:94.73,99.2 1 0
github.com/yairfalse/wgo/pkg/types/resource.go:37.36,38.16 1 7
github.com/yairfalse/wgo/pkg/types/resource.go:38.16,40.3 1 3
github.com/yairfalse/wgo/pkg/types/resource.go:41.2,41.18 1 4
github.com/yairfalse/wgo/pkg/types/resource.go:41.18,43.3 1 1
github.com/yairfalse/wgo/pkg/types/resource.go:44.2,44.22 1 3
github.com/yairfalse/wgo/pkg/types/resource.go:44.22,46.3 1 1
github.com/yairfalse/wgo/pkg/types/resource.go:47.2,47.12 1 2
github.com/yairfalse/wgo/pkg/types/resource.go:51.35,55.18 3 3
github.com/yairfalse/wgo/pkg/types/resource.go:55.18,57.3 1 2
github.com/yairfalse/wgo/pkg/types/resource.go:59.2,59.20 1 3
github.com/yairfalse/wgo/pkg/types/resource.go:59.20,61.3 1 2
github.com/yairfalse/wgo/pkg/types/resource.go:61.8,61.30 1 1
github.com/yairfalse/wgo/pkg/types/resource.go:61.30,63.3 1 1
github.com/yairfalse/wgo/pkg/types/resource.go:65.2,65.33 1 3
github.com/yairfalse/wgo/pkg/types/resource.go:69.47,70.78 1 4
github.com/yairfalse/wgo/pkg/types/resource.go:70.78,72.3 1 1
github.com/yairfalse/wgo/pkg/types/resource.go:74.2,74.88 1 3
github.com/yairfalse/wgo/pkg/types/resource.go:74.88,76.3 1 0
github.com/yairfalse/wgo/pkg/types/resource.go:79.2,79.54 1 3
github.com/yairfalse/wgo/pkg/types/resource.go:79.54,81.3 1 0
github.com/yairfalse/wgo/pkg/types/resource.go:82.2,82.36 1 3
github.com/yairfalse/wgo/pkg/types/resource.go:82.36,83.71 1 3
github.com/yairfalse/wgo/pkg/types/resource.go:83.71,85.4 1 1
github.com/yairfalse/wgo/pkg/types/resource.go:89.2,89.36 1 2
github.com/yairfalse/wgo/pkg/types/resource.go:89.36,91.3 1 0
github.com/yairfalse/wgo/pkg/types/resource.go:92.2,92.27 1 2
github.com/yairfalse/wgo/pkg/types/resource.go:92.27,93.62 1 2
github.com/yairfalse/wgo/pkg/types/resource.go:93.62,95.4 1 1
github.com/yairfalse/wgo/pkg/types/resource.go:98.2,98.13 1 1
github.com/yairfalse/wgo/pkg/types/resource.go:102.33,125.2 3 4
github.com/yairfalse/wgo/pkg/types/snapshot.go:29.36,30.16 1 5
github.com/yairfalse/wgo/pkg/types/snapshot.go:30.16,32.3 1 1
github.com/yairfalse/wgo/pkg/types/snapshot.go:33.2,33.22 1 4
github.com/yairfalse/wgo/pkg/types/snapshot.go:33.22,35.3 1 1
github.com/yairfalse/wgo/pkg/types/snapshot.go:36.2,36.26 1 3
github.com/yairfalse/wgo/pkg/types/snapshot.go:36.26,38.3 1 1
github.com/yairfalse/wgo/pkg/types/snapshot.go:40.2,40.39 1 2
github.com/yairfalse/wgo/pkg/types/snapshot.go:40.39,41.45 1 2
github.com/yairfalse/wgo/pkg/types/snapshot.go:41.45,43.4 1 1
github.com/yairfalse/wgo/pkg/types/snapshot.go:46.2,46.30 1 1
github.com/yairfalse/wgo/pkg/types/snapshot.go:50.39,52.2 1 2
github.com/yairfalse/wgo/pkg/types/snapshot.go:55.63,57.39 2 1
github.com/yairfalse/wgo/pkg/types/snapshot.go:57.39,59.3 1 4
github.com/yairfalse/wgo/pkg/types/snapshot.go:60.2,60.19 1 1
github.com/yairfalse/wgo/pkg/types/snapshot.go:64.59,66.39 2 1
github.com/yairfalse/wgo/pkg/types/snapshot.go:66.39,68.3 1 4
github.com/yairfalse/wgo/pkg/types/snapshot.go:69.2,69.15 1 1
github.com/yairfalse/wgo/pkg/types/snapshot.go:73.60,74.39 1 2
github.com/yairfalse/wgo/pkg/types/snapshot.go:74.39,75.24 1 4
github.com/yairfalse/wgo/pkg/types/snapshot.go:75.24,77.4 1 1
github.com/yairfalse/wgo/pkg/types/snapshot.go:79.2,79.26 1 1
github.com/yairfalse/wgo/pkg/types/snapshot.go:94.36,95.16 1 5
github.com/yairfalse/wgo/pkg/types/snapshot.go:95.16,97.3 1 1
github.com/yairfalse/wgo/pkg/types/snapshot.go:98.2,98.18 1 4
github.com/yairfalse/wgo/pkg/types/snapshot.go:98.18,100.3 1 1
github.com/yairfalse/wgo/pkg/types/snapshot.go:101.2,101.24 1 3
github.com/yairfalse/wgo/pkg/types/snapshot.go:101.24,103.3 1 1
github.com/yairfalse/wgo/pkg/types/snapshot.go:104.2,104.26 1 2
github.com/yairfalse/wgo/pkg/types/snapshot.go:104.26,106.3 1 1
github.com/yairfalse/wgo/pkg/types/snapshot.go:107.2,107.12 1 1
github.com/yairfalse/wgo/pkg/types/snapshot.go:111.45,112.31 1 5
github.com/yairfalse/wgo/pkg/types/snapshot.go:112.31,114.3 1 1
github.com/yairfalse/wgo/pkg/types/snapshot.go:115.2,115.26 1 4
github.com/yairfalse/wgo/pkg/types/snapshot.go:115.26,117.3 1 1
github.com/yairfalse/wgo/pkg/types/snapshot.go:118.2,118.27 1 3
github.com/yairfalse/wgo/pkg/types/snapshot.go:118.27,120.3 1 1
github.com/yairfalse/wgo/pkg/types/snapshot.go:121.2,121.12 1 2
