mode: atomic
github.com/yairfalse/wgo/cmd/wgo/main.go:30.60,31.23 1 0
github.com/yairfalse/wgo/cmd/wgo/main.go:31.23,33.4 1 0
github.com/yairfalse/wgo/cmd/wgo/main.go:33.9,35.18 2 0
github.com/yairfalse/wgo/cmd/wgo/main.go:35.18,39.5 3 0
github.com/yairfalse/wgo/cmd/wgo/main.go:42.3,44.46 2 0
github.com/yairfalse/wgo/cmd/wgo/main.go:44.46,45.15 1 0
github.com/yairfalse/wgo/cmd/wgo/main.go:45.15,47.5 1 0
github.com/yairfalse/wgo/cmd/wgo/main.go:56.47,61.3 4 0
github.com/yairfalse/wgo/cmd/wgo/main.go:68.47,70.3 1 0
github.com/yairfalse/wgo/cmd/wgo/main.go:77.47,79.3 1 0
github.com/yairfalse/wgo/cmd/wgo/main.go:86.47,88.3 1 0
github.com/yairfalse/wgo/cmd/wgo/main.go:91.13,100.2 7 0
github.com/yairfalse/wgo/cmd/wgo/main.go:102.13,103.42 1 0
github.com/yairfalse/wgo/cmd/wgo/main.go:103.42,106.3 2 0
github.com/yairfalse/wgo/internal/collectors/init/init.go:9.30,12.80 2 0
github.com/yairfalse/wgo/internal/collectors/init/init.go:12.80,13.66 1 0
github.com/yairfalse/wgo/internal/collectors/init/init.go:18.13,20.2 1 0
github.com/yairfalse/wgo/pkg/types/drift.go:23.36,24.11 1 0
github.com/yairfalse/wgo/pkg/types/drift.go:25.64,26.14 1 0
github.com/yairfalse/wgo/pkg/types/drift.go:27.10,28.15 1 0
github.com/yairfalse/wgo/pkg/types/drift.go:33.37,35.2 1 0
github.com/yairfalse/wgo/pkg/types/drift.go:47.35,48.43 1 0
github.com/yairfalse/wgo/pkg/types/drift.go:48.43,50.3 1 0
github.com/yairfalse/wgo/pkg/types/drift.go:51.2,51.23 1 0
github.com/yairfalse/wgo/pkg/types/drift.go:51.23,53.3 1 0
github.com/yairfalse/wgo/pkg/types/drift.go:54.2,54.44 1 0
github.com/yairfalse/wgo/pkg/types/drift.go:54.44,56.3 1 0
github.com/yairfalse/wgo/pkg/types/drift.go:59.2,59.16 1 0
github.com/yairfalse/wgo/pkg/types/drift.go:60.25,61.24 1 0
github.com/yairfalse/wgo/pkg/types/drift.go:61.24,63.4 1 0
github.com/yairfalse/wgo/pkg/types/drift.go:64.3,64.24 1 0
github.com/yairfalse/wgo/pkg/types/drift.go:64.24,66.4 1 0
github.com/yairfalse/wgo/pkg/types/drift.go:67.25,68.24 1 0
github.com/yairfalse/wgo/pkg/types/drift.go:68.24,70.4 1 0
github.com/yairfalse/wgo/pkg/types/drift.go:71.3,71.24 1 0
github.com/yairfalse/wgo/pkg/types/drift.go:71.24,73.4 1 0
github.com/yairfalse/wgo/pkg/types/drift.go:74.26,75.45 1 0
github.com/yairfalse/wgo/pkg/types/drift.go:75.45,77.4 1 0
github.com/yairfalse/wgo/pkg/types/drift.go:80.2,80.12 1 0
github.com/yairfalse/wgo/pkg/types/drift.go:84.42,85.16 1 0
github.com/yairfalse/wgo/pkg/types/drift.go:86.25,87.14 1 0
github.com/yairfalse/wgo/pkg/types/drift.go:88.26,94.62 1 0
github.com/yairfalse/wgo/pkg/types/drift.go:95.10,96.15 1 0
github.com/yairfalse/wgo/pkg/types/drift.go:110.40,111.35 1 0
github.com/yairfalse/wgo/pkg/types/drift.go:111.35,113.3 1 0
github.com/yairfalse/wgo/pkg/types/drift.go:114.2,114.26 1 0
github.com/yairfalse/wgo/pkg/types/drift.go:114.26,116.3 1 0
github.com/yairfalse/wgo/pkg/types/drift.go:117.2,117.43 1 0
github.com/yairfalse/wgo/pkg/types/drift.go:117.43,119.3 1 0
github.com/yairfalse/wgo/pkg/types/drift.go:120.2,120.42 1 0
github.com/yairfalse/wgo/pkg/types/drift.go:120.42,122.3 1 0
github.com/yairfalse/wgo/pkg/types/drift.go:123.2,123.22 1 0
github.com/yairfalse/wgo/pkg/types/drift.go:123.22,125.3 1 0
github.com/yairfalse/wgo/pkg/types/drift.go:128.2,128.35 1 0
github.com/yairfalse/wgo/pkg/types/drift.go:128.35,129.43 1 0
github.com/yairfalse/wgo/pkg/types/drift.go:129.43,131.4 1 0
github.com/yairfalse/wgo/pkg/types/drift.go:134.2,134.12 1 0
github.com/yairfalse/wgo/pkg/types/drift.go:138.41,140.2 1 0
github.com/yairfalse/wgo/pkg/types/drift.go:143.41,145.2 1 0
github.com/yairfalse/wgo/pkg/types/drift.go:148.72,150.35 2 0
github.com/yairfalse/wgo/pkg/types/drift.go:150.35,151.32 1 0
github.com/yairfalse/wgo/pkg/types/drift.go:151.32,153.4 1 0
github.com/yairfalse/wgo/pkg/types/drift.go:155.2,155.16 1 0
github.com/yairfalse/wgo/pkg/types/drift.go:159.74,161.35 2 0
github.com/yairfalse/wgo/pkg/types/drift.go:161.35,162.38 1 0
github.com/yairfalse/wgo/pkg/types/drift.go:162.38,164.4 1 0
github.com/yairfalse/wgo/pkg/types/drift.go:166.2,166.16 1 0
github.com/yairfalse/wgo/pkg/types/drift.go:170.53,172.35 2 0
github.com/yairfalse/wgo/pkg/types/drift.go:172.35,173.32 1 0
github.com/yairfalse/wgo/pkg/types/drift.go:173.32,175.4 1 0
github.com/yairfalse/wgo/pkg/types/drift.go:177.2,177.16 1 0
github.com/yairfalse/wgo/pkg/types/drift.go:181.49,183.2 1 0
github.com/yairfalse/wgo/pkg/types/drift.go:186.53,188.2 1 0
github.com/yairfalse/wgo/pkg/types/drift.go:191.54,193.2 1 0
github.com/yairfalse/wgo/pkg/types/drift.go:196.53,198.2 1 0
github.com/yairfalse/wgo/pkg/types/drift.go:201.51,209.2 1 0
github.com/yairfalse/wgo/pkg/types/drift.go:212.55,213.42 1 0
github.com/yairfalse/wgo/pkg/types/drift.go:213.42,215.3 1 0
github.com/yairfalse/wgo/pkg/types/drift.go:216.2,217.12 2 0
github.com/yairfalse/wgo/pkg/types/drift.go:221.39,225.2 2 0
github.com/yairfalse/wgo/pkg/types/resource.go:25.37,26.35 1 0
github.com/yairfalse/wgo/pkg/types/resource.go:26.35,28.3 1 0
github.com/yairfalse/wgo/pkg/types/resource.go:29.2,29.37 1 0
github.com/yairfalse/wgo/pkg/types/resource.go:29.37,31.3 1 0
github.com/yairfalse/wgo/pkg/types/resource.go:32.2,32.41 1 0
github.com/yairfalse/wgo/pkg/types/resource.go:32.41,34.3 1 0
github.com/yairfalse/wgo/pkg/types/resource.go:35.2,35.37 1 0
github.com/yairfalse/wgo/pkg/types/resource.go:35.37,37.3 1 0
github.com/yairfalse/wgo/pkg/types/resource.go:38.2,38.39 1 0
github.com/yairfalse/wgo/pkg/types/resource.go:38.39,40.3 1 0
github.com/yairfalse/wgo/pkg/types/resource.go:41.2,41.29 1 0
github.com/yairfalse/wgo/pkg/types/resource.go:41.29,43.3 1 0
github.com/yairfalse/wgo/pkg/types/resource.go:44.2,44.39 1 0
github.com/yairfalse/wgo/pkg/types/resource.go:44.39,46.3 1 0
github.com/yairfalse/wgo/pkg/types/resource.go:47.2,47.12 1 0
github.com/yairfalse/wgo/pkg/types/resource.go:51.36,53.37 2 0
github.com/yairfalse/wgo/pkg/types/resource.go:53.37,54.40 1 0
github.com/yairfalse/wgo/pkg/types/resource.go:54.40,56.4 1 0
github.com/yairfalse/wgo/pkg/types/resource.go:58.2,58.14 1 0
github.com/yairfalse/wgo/pkg/types/resource.go:62.46,63.19 1 0
github.com/yairfalse/wgo/pkg/types/resource.go:63.19,65.3 1 0
github.com/yairfalse/wgo/pkg/types/resource.go:66.2,66.20 1 0
github.com/yairfalse/wgo/pkg/types/resource.go:70.46,71.19 1 0
github.com/yairfalse/wgo/pkg/types/resource.go:71.19,73.3 1 0
github.com/yairfalse/wgo/pkg/types/resource.go:74.2,74.21 1 0
github.com/yairfalse/wgo/pkg/types/resource.go:78.59,79.21 1 0
github.com/yairfalse/wgo/pkg/types/resource.go:79.21,81.3 1 0
github.com/yairfalse/wgo/pkg/types/resource.go:82.2,83.22 2 0
github.com/yairfalse/wgo/pkg/types/resource.go:87.58,88.21 1 0
github.com/yairfalse/wgo/pkg/types/resource.go:88.21,90.3 1 0
github.com/yairfalse/wgo/pkg/types/resource.go:91.2,91.23 1 0
github.com/yairfalse/wgo/pkg/types/resource.go:95.38,108.19 2 0
github.com/yairfalse/wgo/pkg/types/resource.go:108.19,110.28 2 0
github.com/yairfalse/wgo/pkg/types/resource.go:110.28,112.4 1 0
github.com/yairfalse/wgo/pkg/types/resource.go:116.2,116.21 1 0
github.com/yairfalse/wgo/pkg/types/resource.go:116.21,118.30 2 0
github.com/yairfalse/wgo/pkg/types/resource.go:118.30,122.18 2 0
github.com/yairfalse/wgo/pkg/types/resource.go:122.18,124.5 1 0
github.com/yairfalse/wgo/pkg/types/resource.go:124.10,126.62 2 0
github.com/yairfalse/wgo/pkg/types/resource.go:126.62,128.6 1 0
github.com/yairfalse/wgo/pkg/types/resource.go:128.11,130.6 1 0
github.com/yairfalse/wgo/pkg/types/resource.go:135.2,135.14 1 0
github.com/yairfalse/wgo/pkg/types/resource.go:139.36,141.2 1 0
github.com/yairfalse/wgo/pkg/types/snapshot.go:20.37,21.35 1 0
github.com/yairfalse/wgo/pkg/types/snapshot.go:21.35,23.3 1 0
github.com/yairfalse/wgo/pkg/types/snapshot.go:24.2,24.26 1 0
github.com/yairfalse/wgo/pkg/types/snapshot.go:24.26,26.3 1 0
github.com/yairfalse/wgo/pkg/types/snapshot.go:27.2,27.41 1 0
github.com/yairfalse/wgo/pkg/types/snapshot.go:27.41,29.3 1 0
github.com/yairfalse/wgo/pkg/types/snapshot.go:30.2,30.39 1 0
github.com/yairfalse/wgo/pkg/types/snapshot.go:30.39,32.3 1 0
github.com/yairfalse/wgo/pkg/types/snapshot.go:33.2,33.24 1 0
github.com/yairfalse/wgo/pkg/types/snapshot.go:33.24,35.3 1 0
github.com/yairfalse/wgo/pkg/types/snapshot.go:38.2,38.29 1 0
github.com/yairfalse/wgo/pkg/types/snapshot.go:38.29,39.51 1 0
github.com/yairfalse/wgo/pkg/types/snapshot.go:39.51,41.4 1 0
github.com/yairfalse/wgo/pkg/types/snapshot.go:44.2,44.12 1 0
github.com/yairfalse/wgo/pkg/types/snapshot.go:48.40,50.2 1 0
github.com/yairfalse/wgo/pkg/types/snapshot.go:53.57,54.29 1 0
github.com/yairfalse/wgo/pkg/types/snapshot.go:54.29,55.30 1 0
github.com/yairfalse/wgo/pkg/types/snapshot.go:55.30,57.4 1 0
github.com/yairfalse/wgo/pkg/types/snapshot.go:59.2,59.12 1 0
github.com/yairfalse/wgo/pkg/types/snapshot.go:63.71,65.29 2 0
github.com/yairfalse/wgo/pkg/types/snapshot.go:65.29,66.59 1 0
github.com/yairfalse/wgo/pkg/types/snapshot.go:66.59,68.4 1 0
github.com/yairfalse/wgo/pkg/types/snapshot.go:70.2,70.18 1 0
github.com/yairfalse/wgo/pkg/types/snapshot.go:74.71,76.29 2 0
github.com/yairfalse/wgo/pkg/types/snapshot.go:76.29,77.59 1 0
github.com/yairfalse/wgo/pkg/types/snapshot.go:77.59,79.4 1 0
github.com/yairfalse/wgo/pkg/types/snapshot.go:81.2,81.18 1 0
github.com/yairfalse/wgo/pkg/types/snapshot.go:85.68,87.29 2 0
github.com/yairfalse/wgo/pkg/types/snapshot.go:87.29,89.58 2 0
github.com/yairfalse/wgo/pkg/types/snapshot.go:89.58,91.4 1 0
github.com/yairfalse/wgo/pkg/types/snapshot.go:93.2,93.18 1 0
github.com/yairfalse/wgo/pkg/types/snapshot.go:97.65,99.29 2 0
github.com/yairfalse/wgo/pkg/types/snapshot.go:99.29,101.47 2 0
github.com/yairfalse/wgo/pkg/types/snapshot.go:101.47,103.4 1 0
github.com/yairfalse/wgo/pkg/types/snapshot.go:105.2,105.18 1 0
github.com/yairfalse/wgo/pkg/types/snapshot.go:109.52,111.29 2 0
github.com/yairfalse/wgo/pkg/types/snapshot.go:111.29,113.26 2 0
github.com/yairfalse/wgo/pkg/types/snapshot.go:113.26,115.4 1 0
github.com/yairfalse/wgo/pkg/types/snapshot.go:117.2,117.18 1 0
github.com/yairfalse/wgo/pkg/types/snapshot.go:121.58,122.44 1 0
github.com/yairfalse/wgo/pkg/types/snapshot.go:122.44,124.3 1 0
github.com/yairfalse/wgo/pkg/types/snapshot.go:127.2,127.29 1 0
github.com/yairfalse/wgo/pkg/types/snapshot.go:127.29,129.33 2 0
github.com/yairfalse/wgo/pkg/types/snapshot.go:129.33,131.4 1 0
github.com/yairfalse/wgo/pkg/types/snapshot.go:134.2,135.12 2 0
github.com/yairfalse/wgo/pkg/types/snapshot.go:139.51,140.29 1 0
github.com/yairfalse/wgo/pkg/types/snapshot.go:140.29,141.30 1 0
github.com/yairfalse/wgo/pkg/types/snapshot.go:141.30,144.4 2 0
github.com/yairfalse/wgo/pkg/types/snapshot.go:146.2,146.14 1 0
github.com/yairfalse/wgo/pkg/types/snapshot.go:150.51,151.23 1 0
github.com/yairfalse/wgo/pkg/types/snapshot.go:151.23,153.3 1 0
github.com/yairfalse/wgo/pkg/types/snapshot.go:154.2,154.24 1 0
github.com/yairfalse/wgo/pkg/types/snapshot.go:158.51,159.23 1 0
github.com/yairfalse/wgo/pkg/types/snapshot.go:159.23,161.3 1 0
github.com/yairfalse/wgo/pkg/types/snapshot.go:162.2,162.25 1 0
github.com/yairfalse/wgo/pkg/types/snapshot.go:166.38,175.24 2 0
github.com/yairfalse/wgo/pkg/types/snapshot.go:175.24,177.30 2 0
github.com/yairfalse/wgo/pkg/types/snapshot.go:177.30,179.4 1 0
github.com/yairfalse/wgo/pkg/types/snapshot.go:183.2,183.23 1 0
github.com/yairfalse/wgo/pkg/types/snapshot.go:183.23,185.32 2 0
github.com/yairfalse/wgo/pkg/types/snapshot.go:185.32,187.4 1 0
github.com/yairfalse/wgo/pkg/types/snapshot.go:190.2,190.14 1 0
github.com/yairfalse/wgo/pkg/types/snapshot.go:194.36,196.2 1 0
github.com/yairfalse/wgo/internal/collectors/registry.go:18.48,24.2 2 9
github.com/yairfalse/wgo/internal/collectors/registry.go:27.65,28.22 1 21
github.com/yairfalse/wgo/internal/collectors/registry.go:28.22,30.3 1 1
github.com/yairfalse/wgo/internal/collectors/registry.go:32.2,33.16 2 20
github.com/yairfalse/wgo/internal/collectors/registry.go:33.16,35.3 1 2
github.com/yairfalse/wgo/internal/collectors/registry.go:37.2,40.45 3 18
github.com/yairfalse/wgo/internal/collectors/registry.go:40.45,42.3 1 2
github.com/yairfalse/wgo/internal/collectors/registry.go:44.2,45.12 2 16
github.com/yairfalse/wgo/internal/collectors/registry.go:49.65,51.16 2 4
github.com/yairfalse/wgo/internal/collectors/registry.go:51.16,53.3 1 2
github.com/yairfalse/wgo/internal/collectors/registry.go:55.2,59.13 4 2
github.com/yairfalse/wgo/internal/collectors/registry.go:59.13,61.3 1 1
github.com/yairfalse/wgo/internal/collectors/registry.go:63.2,63.23 1 1
github.com/yairfalse/wgo/internal/collectors/registry.go:67.45,72.33 4 8
github.com/yairfalse/wgo/internal/collectors/registry.go:72.33,74.3 1 9
github.com/yairfalse/wgo/internal/collectors/registry.go:76.2,77.14 2 8
github.com/yairfalse/wgo/internal/collectors/registry.go:81.41,85.2 3 10
github.com/yairfalse/wgo/internal/collectors/registry.go:88.54,90.16 2 10
github.com/yairfalse/wgo/internal/collectors/registry.go:90.16,92.3 1 2
github.com/yairfalse/wgo/internal/collectors/registry.go:94.2,98.15 4 8
github.com/yairfalse/wgo/internal/collectors/registry.go:102.59,104.16 2 4
github.com/yairfalse/wgo/internal/collectors/registry.go:104.16,106.3 1 2
github.com/yairfalse/wgo/internal/collectors/registry.go:108.2,111.46 3 2
github.com/yairfalse/wgo/internal/collectors/registry.go:111.46,113.3 1 1
github.com/yairfalse/wgo/internal/collectors/registry.go:115.2,116.12 2 1
github.com/yairfalse/wgo/internal/collectors/terraform/collector.go:24.41,28.2 1 10
github.com/yairfalse/wgo/internal/collectors/terraform/collector.go:31.44,33.2 1 3
github.com/yairfalse/wgo/internal/collectors/terraform/collector.go:36.110,38.43 1 3
github.com/yairfalse/wgo/internal/collectors/terraform/collector.go:38.43,40.3 1 0
github.com/yairfalse/wgo/internal/collectors/terraform/collector.go:43.2,44.16 2 3
github.com/yairfalse/wgo/internal/collectors/terraform/collector.go:44.16,46.3 1 0
github.com/yairfalse/wgo/internal/collectors/terraform/collector.go:48.2,48.26 1 3
github.com/yairfalse/wgo/internal/collectors/terraform/collector.go:48.26,50.3 1 2
github.com/yairfalse/wgo/internal/collectors/terraform/collector.go:53.2,54.39 2 1
github.com/yairfalse/wgo/internal/collectors/terraform/collector.go:54.39,55.10 1 1
github.com/yairfalse/wgo/internal/collectors/terraform/collector.go:56.21,57.25 1 0
github.com/yairfalse/wgo/internal/collectors/terraform/collector.go:58.11,58.11 0 1
github.com/yairfalse/wgo/internal/collectors/terraform/collector.go:61.3,62.17 2 1
github.com/yairfalse/wgo/internal/collectors/terraform/collector.go:62.17,64.4 1 0
github.com/yairfalse/wgo/internal/collectors/terraform/collector.go:66.3,66.52 1 1
github.com/yairfalse/wgo/internal/collectors/terraform/collector.go:70.2,79.22 2 1
github.com/yairfalse/wgo/internal/collectors/terraform/collector.go:83.71,84.46 1 13
github.com/yairfalse/wgo/internal/collectors/terraform/collector.go:84.46,86.3 1 1
github.com/yairfalse/wgo/internal/collectors/terraform/collector.go:88.2,88.37 1 12
github.com/yairfalse/wgo/internal/collectors/terraform/collector.go:88.37,90.3 1 2
github.com/yairfalse/wgo/internal/collectors/terraform/collector.go:92.2,92.44 1 10
github.com/yairfalse/wgo/internal/collectors/terraform/collector.go:92.44,94.3 1 2
github.com/yairfalse/wgo/internal/collectors/terraform/collector.go:96.2,96.28 1 8
github.com/yairfalse/wgo/internal/collectors/terraform/collector.go:96.28,98.3 1 1
github.com/yairfalse/wgo/internal/collectors/terraform/collector.go:101.2,101.36 1 7
github.com/yairfalse/wgo/internal/collectors/terraform/collector.go:101.36,102.36 1 9
github.com/yairfalse/wgo/internal/collectors/terraform/collector.go:102.36,104.4 1 2
github.com/yairfalse/wgo/internal/collectors/terraform/collector.go:107.2,107.12 1 5
github.com/yairfalse/wgo/internal/collectors/terraform/collector.go:111.109,119.25 5 2
github.com/yairfalse/wgo/internal/collectors/terraform/collector.go:119.25,121.3 1 2
github.com/yairfalse/wgo/internal/collectors/terraform/collector.go:124.2,124.62 1 2
github.com/yairfalse/wgo/internal/collectors/terraform/collector.go:124.62,126.3 1 1
github.com/yairfalse/wgo/internal/collectors/terraform/collector.go:129.2,129.41 1 2
github.com/yairfalse/wgo/internal/collectors/terraform/collector.go:129.41,130.41 1 4
github.com/yairfalse/wgo/internal/collectors/terraform/collector.go:130.41,132.4 1 2
github.com/yairfalse/wgo/internal/collectors/terraform/collector.go:135.2,135.17 1 2
github.com/yairfalse/wgo/internal/collectors/terraform/collector.go:139.80,140.27 1 7
github.com/yairfalse/wgo/internal/collectors/terraform/collector.go:140.27,142.3 1 2
github.com/yairfalse/wgo/internal/collectors/terraform/collector.go:145.2,145.54 1 5
github.com/yairfalse/wgo/internal/collectors/terraform/collector.go:145.54,146.49 1 4
github.com/yairfalse/wgo/internal/collectors/terraform/collector.go:146.49,148.4 1 3
github.com/yairfalse/wgo/internal/collectors/terraform/collector.go:151.2,151.11 1 2
github.com/yairfalse/wgo/internal/collectors/terraform/collector.go:155.34,157.2 1 2
github.com/yairfalse/wgo/internal/collectors/terraform/collector.go:160.124,168.2 2 1
github.com/yairfalse/wgo/internal/collectors/terraform/collector.go:171.152,182.2 2 1
github.com/yairfalse/wgo/internal/collectors/terraform/collector.go:185.64,231.2 1 6
github.com/yairfalse/wgo/internal/collectors/terraform/collector.go:234.80,236.47 2 5
github.com/yairfalse/wgo/internal/collectors/terraform/collector.go:236.47,237.36 1 121
github.com/yairfalse/wgo/internal/collectors/terraform/collector.go:237.36,239.4 1 3
github.com/yairfalse/wgo/internal/collectors/terraform/collector.go:241.2,241.14 1 2
github.com/yairfalse/wgo/internal/collectors/terraform/parser.go:49.64,50.39 1 2
github.com/yairfalse/wgo/internal/collectors/terraform/parser.go:50.39,52.3 1 0
github.com/yairfalse/wgo/internal/collectors/terraform/parser.go:55.2,55.53 1 2
github.com/yairfalse/wgo/internal/collectors/terraform/parser.go:55.53,57.3 1 0
github.com/yairfalse/wgo/internal/collectors/terraform/parser.go:60.2,61.16 2 2
github.com/yairfalse/wgo/internal/collectors/terraform/parser.go:61.16,63.3 1 0
github.com/yairfalse/wgo/internal/collectors/terraform/parser.go:64.2,67.16 3 2
github.com/yairfalse/wgo/internal/collectors/terraform/parser.go:67.16,69.3 1 0
github.com/yairfalse/wgo/internal/collectors/terraform/parser.go:72.2,73.56 2 2
github.com/yairfalse/wgo/internal/collectors/terraform/parser.go:73.56,75.3 1 0
github.com/yairfalse/wgo/internal/collectors/terraform/parser.go:78.2,79.33 2 2
github.com/yairfalse/wgo/internal/collectors/terraform/parser.go:79.33,81.17 2 2
github.com/yairfalse/wgo/internal/collectors/terraform/parser.go:81.17,83.4 1 0
github.com/yairfalse/wgo/internal/collectors/terraform/parser.go:84.3,84.52 1 2
github.com/yairfalse/wgo/internal/collectors/terraform/parser.go:87.2,87.23 1 2
github.com/yairfalse/wgo/internal/collectors/terraform/parser.go:91.96,92.34 1 2
github.com/yairfalse/wgo/internal/collectors/terraform/parser.go:92.34,95.3 1 0
github.com/yairfalse/wgo/internal/collectors/terraform/parser.go:97.2,99.48 2 2
github.com/yairfalse/wgo/internal/collectors/terraform/parser.go:99.48,102.23 2 2
github.com/yairfalse/wgo/internal/collectors/terraform/parser.go:102.23,104.4 1 0
github.com/yairfalse/wgo/internal/collectors/terraform/parser.go:107.3,108.19 2 2
github.com/yairfalse/wgo/internal/collectors/terraform/parser.go:108.19,110.4 1 0
github.com/yairfalse/wgo/internal/collectors/terraform/parser.go:113.3,135.42 5 2
github.com/yairfalse/wgo/internal/collectors/terraform/parser.go:138.2,138.23 1 2
github.com/yairfalse/wgo/internal/collectors/terraform/parser.go:142.66,146.33 2 8
github.com/yairfalse/wgo/internal/collectors/terraform/parser.go:146.33,147.38 1 20
github.com/yairfalse/wgo/internal/collectors/terraform/parser.go:147.38,148.51 1 6
github.com/yairfalse/wgo/internal/collectors/terraform/parser.go:148.51,150.5 1 5
github.com/yairfalse/wgo/internal/collectors/terraform/parser.go:154.2,154.11 1 3
github.com/yairfalse/wgo/internal/collectors/terraform/parser.go:158.62,162.37 2 8
github.com/yairfalse/wgo/internal/collectors/terraform/parser.go:162.37,163.42 1 20
github.com/yairfalse/wgo/internal/collectors/terraform/parser.go:163.42,164.63 1 6
github.com/yairfalse/wgo/internal/collectors/terraform/parser.go:164.63,166.62 1 6
github.com/yairfalse/wgo/internal/collectors/terraform/parser.go:166.62,168.100 1 2
github.com/yairfalse/wgo/internal/collectors/terraform/parser.go:168.100,171.158 2 2
github.com/yairfalse/wgo/internal/collectors/terraform/parser.go:171.158,173.8 1 1
github.com/yairfalse/wgo/internal/collectors/terraform/parser.go:176.6,176.28 1 1
github.com/yairfalse/wgo/internal/collectors/terraform/parser.go:176.28,178.87 2 1
github.com/yairfalse/wgo/internal/collectors/terraform/parser.go:178.87,180.8 1 1
github.com/yairfalse/wgo/internal/collectors/terraform/parser.go:183.5,183.21 1 4
github.com/yairfalse/wgo/internal/collectors/terraform/parser.go:188.2,188.11 1 2
github.com/yairfalse/wgo/internal/collectors/terraform/parser.go:192.46,193.20 1 8
github.com/yairfalse/wgo/internal/collectors/terraform/parser.go:193.20,195.3 1 1
github.com/yairfalse/wgo/internal/collectors/terraform/parser.go:199.2,199.37 1 7
github.com/yairfalse/wgo/internal/collectors/terraform/parser.go:199.37,201.21 2 5
github.com/yairfalse/wgo/internal/collectors/terraform/parser.go:201.21,203.4 1 5
github.com/yairfalse/wgo/internal/collectors/terraform/parser.go:207.2,207.46 1 2
github.com/yairfalse/wgo/internal/collectors/terraform/parser.go:207.46,209.3 1 1
github.com/yairfalse/wgo/internal/collectors/terraform/parser.go:211.2,211.39 1 1
github.com/yairfalse/wgo/internal/collectors/terraform/parser.go:215.71,221.34 3 8
github.com/yairfalse/wgo/internal/collectors/terraform/parser.go:221.34,222.43 1 24
github.com/yairfalse/wgo/internal/collectors/terraform/parser.go:222.43,223.58 1 5
github.com/yairfalse/wgo/internal/collectors/terraform/parser.go:223.58,224.30 1 5
github.com/yairfalse/wgo/internal/collectors/terraform/parser.go:224.30,225.36 1 13
github.com/yairfalse/wgo/internal/collectors/terraform/parser.go:225.36,227.7 1 11
github.com/yairfalse/wgo/internal/collectors/terraform/parser.go:233.2,233.13 1 8
github.com/yairfalse/wgo/internal/collectors/terraform/parser.go:237.61,241.36 2 8
github.com/yairfalse/wgo/internal/collectors/terraform/parser.go:241.36,242.41 1 23
github.com/yairfalse/wgo/internal/collectors/terraform/parser.go:242.41,243.60 1 5
github.com/yairfalse/wgo/internal/collectors/terraform/parser.go:243.60,245.5 1 5
github.com/yairfalse/wgo/internal/collectors/terraform/parser.go:250.2,250.18 1 3
github.com/yairfalse/wgo/internal/collectors/terraform/parser.go:254.55,257.29 2 8
github.com/yairfalse/wgo/internal/collectors/terraform/parser.go:257.29,258.36 1 9
github.com/yairfalse/wgo/internal/collectors/terraform/parser.go:258.36,259.12 1 0
github.com/yairfalse/wgo/internal/collectors/terraform/parser.go:263.3,264.25 2 9
github.com/yairfalse/wgo/internal/collectors/terraform/parser.go:264.25,265.12 1 4
github.com/yairfalse/wgo/internal/collectors/terraform/parser.go:267.3,267.17 1 5
github.com/yairfalse/wgo/internal/collectors/terraform/parser.go:267.17,269.4 1 0
github.com/yairfalse/wgo/internal/collectors/terraform/parser.go:271.3,271.19 1 5
github.com/yairfalse/wgo/internal/collectors/terraform/parser.go:271.19,274.18 2 3
github.com/yairfalse/wgo/internal/collectors/terraform/parser.go:274.18,276.5 1 0
github.com/yairfalse/wgo/internal/collectors/terraform/parser.go:277.4,277.45 1 3
github.com/yairfalse/wgo/internal/collectors/terraform/parser.go:278.9,280.25 1 2
github.com/yairfalse/wgo/internal/collectors/terraform/parser.go:280.25,282.5 1 2
github.com/yairfalse/wgo/internal/collectors/terraform/parser.go:286.2,286.24 1 8
github.com/yairfalse/wgo/internal/collectors/terraform/parser.go:290.56,293.81 2 3
github.com/yairfalse/wgo/internal/collectors/terraform/parser.go:293.81,294.17 1 11
github.com/yairfalse/wgo/internal/collectors/terraform/parser.go:294.17,296.4 1 0
github.com/yairfalse/wgo/internal/collectors/terraform/parser.go:298.3,298.41 1 11
github.com/yairfalse/wgo/internal/collectors/terraform/parser.go:298.41,300.4 1 6
github.com/yairfalse/wgo/internal/collectors/terraform/parser.go:302.3,302.13 1 11
github.com/yairfalse/wgo/internal/collectors/terraform/parser.go:305.2,305.24 1 3
github.com/yairfalse/wgo/internal/collectors/terraform/parser.go:309.40,314.2 2 15
